2019-12-28 16:00:07 [twisted] CRITICAL: Unhandled error in Deferred:
2019-12-28 16:00:07 [twisted] CRITICAL: 
Traceback (most recent call last):
  File "d:\python\python37\lib\site-packages\twisted\internet\defer.py", line 1418, in _inlineCallbacks
    result = g.send(result)
  File "d:\python\python37\lib\site-packages\scrapy\crawler.py", line 87, in crawl
    start_requests = iter(self.spider.start_requests())
TypeError: 'Request' object is not iterable
2019-12-28 16:09:57 [scrapy.utils.log] INFO: Scrapy 1.8.0 started (bot: myscrapy)
2019-12-28 16:09:57 [scrapy.utils.log] INFO: Versions: lxml 4.4.2.0, libxml2 2.9.5, cssselect 1.1.0, parsel 1.5.2, w3lib 1.21.0, Twisted 19.10.0, Python 3.7.4 (tags/v3.7.4:e09359112e, Jul  8 2019, 20:34:20) [MSC v.1916 64 bit (AMD64)], pyOpenSSL 19.1.0 (OpenSSL 1.1.1d  10 Sep 2019), cryptography 2.8, Platform Windows-10-10.0.18362-SP0
2019-12-28 16:09:57 [scrapy.crawler] INFO: Overridden settings: {'BOT_NAME': 'myscrapy', 'LOG_FILE': './log.log', 'NEWSPIDER_MODULE': 'myscrapy.spiders', 'ROBOTSTXT_OBEY': True, 'SPIDER_LOADER_WARN_ONLY': True, 'SPIDER_MODULES': ['myscrapy.spiders']}
2019-12-28 16:09:57 [scrapy.extensions.telnet] INFO: Telnet Password: af8f6959aaa1631f
2019-12-28 16:09:57 [scrapy.middleware] INFO: Enabled extensions:
['scrapy.extensions.corestats.CoreStats',
 'scrapy.extensions.telnet.TelnetConsole',
 'scrapy.extensions.logstats.LogStats']
2019-12-28 16:09:57 [scrapy.middleware] INFO: Enabled downloader middlewares:
['scrapy.downloadermiddlewares.robotstxt.RobotsTxtMiddleware',
 'scrapy.downloadermiddlewares.httpauth.HttpAuthMiddleware',
 'scrapy.downloadermiddlewares.downloadtimeout.DownloadTimeoutMiddleware',
 'scrapy.downloadermiddlewares.defaultheaders.DefaultHeadersMiddleware',
 'scrapy.downloadermiddlewares.useragent.UserAgentMiddleware',
 'scrapy.downloadermiddlewares.retry.RetryMiddleware',
 'scrapy.downloadermiddlewares.redirect.MetaRefreshMiddleware',
 'scrapy.downloadermiddlewares.httpcompression.HttpCompressionMiddleware',
 'scrapy.downloadermiddlewares.redirect.RedirectMiddleware',
 'scrapy.downloadermiddlewares.cookies.CookiesMiddleware',
 'scrapy.downloadermiddlewares.httpproxy.HttpProxyMiddleware',
 'scrapy.downloadermiddlewares.stats.DownloaderStats']
2019-12-28 16:09:57 [scrapy.middleware] INFO: Enabled spider middlewares:
['scrapy.spidermiddlewares.httperror.HttpErrorMiddleware',
 'scrapy.spidermiddlewares.offsite.OffsiteMiddleware',
 'scrapy.spidermiddlewares.referer.RefererMiddleware',
 'scrapy.spidermiddlewares.urllength.UrlLengthMiddleware',
 'scrapy.spidermiddlewares.depth.DepthMiddleware']
2019-12-28 16:09:57 [scrapy.middleware] INFO: Enabled item pipelines:
[]
2019-12-28 16:09:57 [scrapy.core.engine] INFO: Spider opened
2019-12-28 16:09:57 [scrapy.extensions.logstats] INFO: Crawled 0 pages (at 0 pages/min), scraped 0 items (at 0 items/min)
2019-12-28 16:09:57 [scrapy.extensions.telnet] INFO: Telnet console listening on 127.0.0.1:6023
2019-12-28 16:09:57 [scrapy.core.engine] DEBUG: Crawled (200) <GET http://datachart.500.com/robots.txt> (referer: None)
2019-12-28 16:09:57 [scrapy.downloadermiddlewares.robotstxt] DEBUG: Forbidden by robots.txt: <GET http://datachart.500.com/dlt/?expect=all&from=19100&to=19110>
2019-12-28 16:09:57 [scrapy.core.engine] INFO: Closing spider (finished)
2019-12-28 16:09:57 [scrapy.statscollectors] INFO: Dumping Scrapy stats:
{'downloader/exception_count': 1,
 'downloader/exception_type_count/scrapy.exceptions.IgnoreRequest': 1,
 'downloader/request_bytes': 226,
 'downloader/request_count': 1,
 'downloader/request_method_count/GET': 1,
 'downloader/response_bytes': 1058,
 'downloader/response_count': 1,
 'downloader/response_status_count/200': 1,
 'elapsed_time_seconds': 0.275255,
 'finish_reason': 'finished',
 'finish_time': datetime.datetime(2019, 12, 28, 8, 9, 57, 830467),
 'log_count/DEBUG': 2,
 'log_count/INFO': 10,
 'response_received_count': 1,
 'robotstxt/forbidden': 1,
 'robotstxt/request_count': 1,
 'robotstxt/response_count': 1,
 'robotstxt/response_status_count/200': 1,
 'scheduler/dequeued': 1,
 'scheduler/dequeued/memory': 1,
 'scheduler/enqueued': 1,
 'scheduler/enqueued/memory': 1,
 'start_time': datetime.datetime(2019, 12, 28, 8, 9, 57, 555212)}
2019-12-28 16:09:57 [scrapy.core.engine] INFO: Spider closed (finished)
2019-12-28 16:11:01 [scrapy.utils.log] INFO: Scrapy 1.8.0 started (bot: myscrapy)
2019-12-28 16:11:01 [scrapy.utils.log] INFO: Versions: lxml 4.4.2.0, libxml2 2.9.5, cssselect 1.1.0, parsel 1.5.2, w3lib 1.21.0, Twisted 19.10.0, Python 3.7.4 (tags/v3.7.4:e09359112e, Jul  8 2019, 20:34:20) [MSC v.1916 64 bit (AMD64)], pyOpenSSL 19.1.0 (OpenSSL 1.1.1d  10 Sep 2019), cryptography 2.8, Platform Windows-10-10.0.18362-SP0
2019-12-28 16:11:01 [scrapy.crawler] INFO: Overridden settings: {'BOT_NAME': 'myscrapy', 'LOG_FILE': './log.log', 'NEWSPIDER_MODULE': 'myscrapy.spiders', 'ROBOTSTXT_OBEY': True, 'SPIDER_MODULES': ['myscrapy.spiders']}
2019-12-28 16:11:01 [scrapy.extensions.telnet] INFO: Telnet Password: d299d37ae7e3ff38
2019-12-28 16:11:01 [scrapy.middleware] INFO: Enabled extensions:
['scrapy.extensions.corestats.CoreStats',
 'scrapy.extensions.telnet.TelnetConsole',
 'scrapy.extensions.logstats.LogStats']
2019-12-28 16:11:01 [scrapy.middleware] INFO: Enabled downloader middlewares:
['scrapy.downloadermiddlewares.robotstxt.RobotsTxtMiddleware',
 'scrapy.downloadermiddlewares.httpauth.HttpAuthMiddleware',
 'scrapy.downloadermiddlewares.downloadtimeout.DownloadTimeoutMiddleware',
 'scrapy.downloadermiddlewares.defaultheaders.DefaultHeadersMiddleware',
 'scrapy.downloadermiddlewares.useragent.UserAgentMiddleware',
 'scrapy.downloadermiddlewares.retry.RetryMiddleware',
 'scrapy.downloadermiddlewares.redirect.MetaRefreshMiddleware',
 'scrapy.downloadermiddlewares.httpcompression.HttpCompressionMiddleware',
 'scrapy.downloadermiddlewares.redirect.RedirectMiddleware',
 'scrapy.downloadermiddlewares.cookies.CookiesMiddleware',
 'scrapy.downloadermiddlewares.httpproxy.HttpProxyMiddleware',
 'scrapy.downloadermiddlewares.stats.DownloaderStats']
2019-12-28 16:11:01 [scrapy.middleware] INFO: Enabled spider middlewares:
['scrapy.spidermiddlewares.httperror.HttpErrorMiddleware',
 'scrapy.spidermiddlewares.offsite.OffsiteMiddleware',
 'scrapy.spidermiddlewares.referer.RefererMiddleware',
 'scrapy.spidermiddlewares.urllength.UrlLengthMiddleware',
 'scrapy.spidermiddlewares.depth.DepthMiddleware']
2019-12-28 16:11:01 [scrapy.middleware] INFO: Enabled item pipelines:
[]
2019-12-28 16:11:01 [scrapy.core.engine] INFO: Spider opened
2019-12-28 16:11:01 [scrapy.extensions.logstats] INFO: Crawled 0 pages (at 0 pages/min), scraped 0 items (at 0 items/min)
2019-12-28 16:11:01 [scrapy.extensions.telnet] INFO: Telnet console listening on 127.0.0.1:6023
2019-12-28 16:11:01 [scrapy.core.engine] DEBUG: Crawled (200) <GET http://datachart.500.com/robots.txt> (referer: None)
2019-12-28 16:11:01 [scrapy.downloadermiddlewares.robotstxt] DEBUG: Forbidden by robots.txt: <GET http://datachart.500.com/dlt/?expect=all&from=19100&to=19110>
2019-12-28 16:11:01 [scrapy.core.engine] INFO: Closing spider (finished)
2019-12-28 16:11:01 [scrapy.statscollectors] INFO: Dumping Scrapy stats:
{'downloader/exception_count': 1,
 'downloader/exception_type_count/scrapy.exceptions.IgnoreRequest': 1,
 'downloader/request_bytes': 226,
 'downloader/request_count': 1,
 'downloader/request_method_count/GET': 1,
 'downloader/response_bytes': 1058,
 'downloader/response_count': 1,
 'downloader/response_status_count/200': 1,
 'elapsed_time_seconds': 0.293106,
 'finish_reason': 'finished',
 'finish_time': datetime.datetime(2019, 12, 28, 8, 11, 1, 797023),
 'log_count/DEBUG': 2,
 'log_count/INFO': 10,
 'response_received_count': 1,
 'robotstxt/forbidden': 1,
 'robotstxt/request_count': 1,
 'robotstxt/response_count': 1,
 'robotstxt/response_status_count/200': 1,
 'scheduler/dequeued': 1,
 'scheduler/dequeued/memory': 1,
 'scheduler/enqueued': 1,
 'scheduler/enqueued/memory': 1,
 'start_time': datetime.datetime(2019, 12, 28, 8, 11, 1, 503917)}
2019-12-28 16:11:01 [scrapy.core.engine] INFO: Spider closed (finished)
2019-12-28 16:12:20 [scrapy.utils.log] INFO: Scrapy 1.8.0 started (bot: myscrapy)
2019-12-28 16:12:20 [scrapy.utils.log] INFO: Versions: lxml 4.4.2.0, libxml2 2.9.5, cssselect 1.1.0, parsel 1.5.2, w3lib 1.21.0, Twisted 19.10.0, Python 3.7.4 (tags/v3.7.4:e09359112e, Jul  8 2019, 20:34:20) [MSC v.1916 64 bit (AMD64)], pyOpenSSL 19.1.0 (OpenSSL 1.1.1d  10 Sep 2019), cryptography 2.8, Platform Windows-10-10.0.18362-SP0
2019-12-28 16:12:20 [scrapy.crawler] INFO: Overridden settings: {'BOT_NAME': 'myscrapy', 'LOG_FILE': './log.log', 'NEWSPIDER_MODULE': 'myscrapy.spiders', 'ROBOTSTXT_OBEY': True, 'SPIDER_MODULES': ['myscrapy.spiders']}
2019-12-28 16:12:20 [scrapy.extensions.telnet] INFO: Telnet Password: ab1b7bb7d4bba68b
2019-12-28 16:12:20 [scrapy.middleware] INFO: Enabled extensions:
['scrapy.extensions.corestats.CoreStats',
 'scrapy.extensions.telnet.TelnetConsole',
 'scrapy.extensions.logstats.LogStats']
2019-12-28 16:12:20 [scrapy.middleware] INFO: Enabled downloader middlewares:
['scrapy.downloadermiddlewares.robotstxt.RobotsTxtMiddleware',
 'scrapy.downloadermiddlewares.httpauth.HttpAuthMiddleware',
 'scrapy.downloadermiddlewares.downloadtimeout.DownloadTimeoutMiddleware',
 'scrapy.downloadermiddlewares.defaultheaders.DefaultHeadersMiddleware',
 'scrapy.downloadermiddlewares.useragent.UserAgentMiddleware',
 'scrapy.downloadermiddlewares.retry.RetryMiddleware',
 'scrapy.downloadermiddlewares.redirect.MetaRefreshMiddleware',
 'scrapy.downloadermiddlewares.httpcompression.HttpCompressionMiddleware',
 'scrapy.downloadermiddlewares.redirect.RedirectMiddleware',
 'scrapy.downloadermiddlewares.cookies.CookiesMiddleware',
 'scrapy.downloadermiddlewares.httpproxy.HttpProxyMiddleware',
 'scrapy.downloadermiddlewares.stats.DownloaderStats']
2019-12-28 16:12:20 [scrapy.middleware] INFO: Enabled spider middlewares:
['scrapy.spidermiddlewares.httperror.HttpErrorMiddleware',
 'scrapy.spidermiddlewares.offsite.OffsiteMiddleware',
 'scrapy.spidermiddlewares.referer.RefererMiddleware',
 'scrapy.spidermiddlewares.urllength.UrlLengthMiddleware',
 'scrapy.spidermiddlewares.depth.DepthMiddleware']
2019-12-28 16:12:20 [scrapy.middleware] INFO: Enabled item pipelines:
[]
2019-12-28 16:12:20 [scrapy.core.engine] INFO: Spider opened
2019-12-28 16:12:20 [scrapy.extensions.logstats] INFO: Crawled 0 pages (at 0 pages/min), scraped 0 items (at 0 items/min)
2019-12-28 16:12:20 [scrapy.extensions.telnet] INFO: Telnet console listening on 127.0.0.1:6023
2019-12-28 16:12:20 [scrapy.core.engine] DEBUG: Crawled (200) <GET http://datachart.500.com/robots.txt> (referer: None)
2019-12-28 16:12:20 [scrapy.downloadermiddlewares.robotstxt] DEBUG: Forbidden by robots.txt: <GET http://datachart.500.com/dlt/?expect=all&from=19100&to=19110>
2019-12-28 16:12:20 [scrapy.core.engine] INFO: Closing spider (finished)
2019-12-28 16:12:20 [scrapy.statscollectors] INFO: Dumping Scrapy stats:
{'downloader/exception_count': 1,
 'downloader/exception_type_count/scrapy.exceptions.IgnoreRequest': 1,
 'downloader/request_bytes': 226,
 'downloader/request_count': 1,
 'downloader/request_method_count/GET': 1,
 'downloader/response_bytes': 1058,
 'downloader/response_count': 1,
 'downloader/response_status_count/200': 1,
 'elapsed_time_seconds': 0.278036,
 'finish_reason': 'finished',
 'finish_time': datetime.datetime(2019, 12, 28, 8, 12, 20, 655292),
 'log_count/DEBUG': 2,
 'log_count/INFO': 10,
 'response_received_count': 1,
 'robotstxt/forbidden': 1,
 'robotstxt/request_count': 1,
 'robotstxt/response_count': 1,
 'robotstxt/response_status_count/200': 1,
 'scheduler/dequeued': 1,
 'scheduler/dequeued/memory': 1,
 'scheduler/enqueued': 1,
 'scheduler/enqueued/memory': 1,
 'start_time': datetime.datetime(2019, 12, 28, 8, 12, 20, 377256)}
2019-12-28 16:12:20 [scrapy.core.engine] INFO: Spider closed (finished)
2019-12-28 16:13:10 [scrapy.utils.log] INFO: Scrapy 1.8.0 started (bot: myscrapy)
2019-12-28 16:13:10 [scrapy.utils.log] INFO: Versions: lxml 4.4.2.0, libxml2 2.9.5, cssselect 1.1.0, parsel 1.5.2, w3lib 1.21.0, Twisted 19.10.0, Python 3.7.4 (tags/v3.7.4:e09359112e, Jul  8 2019, 20:34:20) [MSC v.1916 64 bit (AMD64)], pyOpenSSL 19.1.0 (OpenSSL 1.1.1d  10 Sep 2019), cryptography 2.8, Platform Windows-10-10.0.18362-SP0
2019-12-28 16:13:10 [scrapy.crawler] INFO: Overridden settings: {'BOT_NAME': 'myscrapy', 'LOG_FILE': './log.log', 'NEWSPIDER_MODULE': 'myscrapy.spiders', 'ROBOTSTXT_OBEY': True, 'SPIDER_MODULES': ['myscrapy.spiders']}
2019-12-28 16:13:10 [scrapy.extensions.telnet] INFO: Telnet Password: 034dc74658bae46e
2019-12-28 16:13:10 [scrapy.middleware] INFO: Enabled extensions:
['scrapy.extensions.corestats.CoreStats',
 'scrapy.extensions.telnet.TelnetConsole',
 'scrapy.extensions.logstats.LogStats']
2019-12-28 16:13:10 [scrapy.middleware] INFO: Enabled downloader middlewares:
['scrapy.downloadermiddlewares.robotstxt.RobotsTxtMiddleware',
 'scrapy.downloadermiddlewares.httpauth.HttpAuthMiddleware',
 'scrapy.downloadermiddlewares.downloadtimeout.DownloadTimeoutMiddleware',
 'scrapy.downloadermiddlewares.defaultheaders.DefaultHeadersMiddleware',
 'scrapy.downloadermiddlewares.useragent.UserAgentMiddleware',
 'scrapy.downloadermiddlewares.retry.RetryMiddleware',
 'scrapy.downloadermiddlewares.redirect.MetaRefreshMiddleware',
 'scrapy.downloadermiddlewares.httpcompression.HttpCompressionMiddleware',
 'scrapy.downloadermiddlewares.redirect.RedirectMiddleware',
 'scrapy.downloadermiddlewares.cookies.CookiesMiddleware',
 'scrapy.downloadermiddlewares.httpproxy.HttpProxyMiddleware',
 'scrapy.downloadermiddlewares.stats.DownloaderStats']
2019-12-28 16:13:10 [scrapy.middleware] INFO: Enabled spider middlewares:
['scrapy.spidermiddlewares.httperror.HttpErrorMiddleware',
 'scrapy.spidermiddlewares.offsite.OffsiteMiddleware',
 'scrapy.spidermiddlewares.referer.RefererMiddleware',
 'scrapy.spidermiddlewares.urllength.UrlLengthMiddleware',
 'scrapy.spidermiddlewares.depth.DepthMiddleware']
2019-12-28 16:13:10 [scrapy.middleware] INFO: Enabled item pipelines:
[]
2019-12-28 16:13:10 [scrapy.core.engine] INFO: Spider opened
2019-12-28 16:13:10 [scrapy.extensions.logstats] INFO: Crawled 0 pages (at 0 pages/min), scraped 0 items (at 0 items/min)
2019-12-28 16:13:10 [scrapy.extensions.telnet] INFO: Telnet console listening on 127.0.0.1:6023
2019-12-28 16:13:10 [scrapy.core.engine] DEBUG: Crawled (200) <GET http://datachart.500.com/robots.txt> (referer: None)
2019-12-28 16:13:10 [scrapy.downloadermiddlewares.robotstxt] DEBUG: Forbidden by robots.txt: <GET http://datachart.500.com/dlt/?expect=all&from=19100&to=19110>
2019-12-28 16:13:10 [scrapy.core.engine] INFO: Closing spider (finished)
2019-12-28 16:13:10 [scrapy.statscollectors] INFO: Dumping Scrapy stats:
{'downloader/exception_count': 1,
 'downloader/exception_type_count/scrapy.exceptions.IgnoreRequest': 1,
 'downloader/request_bytes': 226,
 'downloader/request_count': 1,
 'downloader/request_method_count/GET': 1,
 'downloader/response_bytes': 1058,
 'downloader/response_count': 1,
 'downloader/response_status_count/200': 1,
 'elapsed_time_seconds': 0.290631,
 'finish_reason': 'finished',
 'finish_time': datetime.datetime(2019, 12, 28, 8, 13, 10, 921409),
 'log_count/DEBUG': 2,
 'log_count/INFO': 10,
 'response_received_count': 1,
 'robotstxt/forbidden': 1,
 'robotstxt/request_count': 1,
 'robotstxt/response_count': 1,
 'robotstxt/response_status_count/200': 1,
 'scheduler/dequeued': 1,
 'scheduler/dequeued/memory': 1,
 'scheduler/enqueued': 1,
 'scheduler/enqueued/memory': 1,
 'start_time': datetime.datetime(2019, 12, 28, 8, 13, 10, 630778)}
2019-12-28 16:13:10 [scrapy.core.engine] INFO: Spider closed (finished)
2019-12-28 16:22:35 [scrapy.utils.log] INFO: Scrapy 1.8.0 started (bot: myscrapy)
2019-12-28 16:22:35 [scrapy.utils.log] INFO: Versions: lxml 4.4.2.0, libxml2 2.9.5, cssselect 1.1.0, parsel 1.5.2, w3lib 1.21.0, Twisted 19.10.0, Python 3.7.4 (tags/v3.7.4:e09359112e, Jul  8 2019, 20:34:20) [MSC v.1916 64 bit (AMD64)], pyOpenSSL 19.1.0 (OpenSSL 1.1.1d  10 Sep 2019), cryptography 2.8, Platform Windows-10-10.0.18362-SP0
2019-12-28 16:22:35 [scrapy.crawler] INFO: Overridden settings: {'BOT_NAME': 'myscrapy', 'LOG_FILE': './log.log', 'NEWSPIDER_MODULE': 'myscrapy.spiders', 'ROBOTSTXT_OBEY': True, 'SPIDER_MODULES': ['myscrapy.spiders']}
2019-12-28 16:22:35 [scrapy.extensions.telnet] INFO: Telnet Password: 0f36a6bc58d4927b
2019-12-28 16:22:35 [scrapy.middleware] INFO: Enabled extensions:
['scrapy.extensions.corestats.CoreStats',
 'scrapy.extensions.telnet.TelnetConsole',
 'scrapy.extensions.logstats.LogStats']
2019-12-28 16:22:35 [scrapy.middleware] INFO: Enabled downloader middlewares:
['scrapy.downloadermiddlewares.robotstxt.RobotsTxtMiddleware',
 'scrapy.downloadermiddlewares.httpauth.HttpAuthMiddleware',
 'scrapy.downloadermiddlewares.downloadtimeout.DownloadTimeoutMiddleware',
 'scrapy.downloadermiddlewares.defaultheaders.DefaultHeadersMiddleware',
 'scrapy.downloadermiddlewares.useragent.UserAgentMiddleware',
 'scrapy.downloadermiddlewares.retry.RetryMiddleware',
 'scrapy.downloadermiddlewares.redirect.MetaRefreshMiddleware',
 'scrapy.downloadermiddlewares.httpcompression.HttpCompressionMiddleware',
 'scrapy.downloadermiddlewares.redirect.RedirectMiddleware',
 'scrapy.downloadermiddlewares.cookies.CookiesMiddleware',
 'scrapy.downloadermiddlewares.httpproxy.HttpProxyMiddleware',
 'scrapy.downloadermiddlewares.stats.DownloaderStats']
2019-12-28 16:22:35 [scrapy.middleware] INFO: Enabled spider middlewares:
['scrapy.spidermiddlewares.httperror.HttpErrorMiddleware',
 'scrapy.spidermiddlewares.offsite.OffsiteMiddleware',
 'scrapy.spidermiddlewares.referer.RefererMiddleware',
 'scrapy.spidermiddlewares.urllength.UrlLengthMiddleware',
 'scrapy.spidermiddlewares.depth.DepthMiddleware']
2019-12-28 16:22:35 [scrapy.middleware] INFO: Enabled item pipelines:
[]
2019-12-28 16:22:35 [scrapy.core.engine] INFO: Spider opened
2019-12-28 16:22:35 [scrapy.extensions.logstats] INFO: Crawled 0 pages (at 0 pages/min), scraped 0 items (at 0 items/min)
2019-12-28 16:22:35 [scrapy.extensions.telnet] INFO: Telnet console listening on 127.0.0.1:6023
2019-12-28 16:22:35 [scrapy.core.engine] DEBUG: Crawled (200) <GET http://datachart.500.com/robots.txt> (referer: None)
2019-12-28 16:22:35 [scrapy.downloadermiddlewares.robotstxt] DEBUG: Forbidden by robots.txt: <GET http://datachart.500.com/dlt/?expect=all&from=19100&to=19110>
2019-12-28 16:22:36 [scrapy.core.engine] INFO: Closing spider (finished)
2019-12-28 16:22:36 [scrapy.statscollectors] INFO: Dumping Scrapy stats:
{'downloader/exception_count': 1,
 'downloader/exception_type_count/scrapy.exceptions.IgnoreRequest': 1,
 'downloader/request_bytes': 226,
 'downloader/request_count': 1,
 'downloader/request_method_count/GET': 1,
 'downloader/response_bytes': 1058,
 'downloader/response_count': 1,
 'downloader/response_status_count/200': 1,
 'elapsed_time_seconds': 0.284786,
 'finish_reason': 'finished',
 'finish_time': datetime.datetime(2019, 12, 28, 8, 22, 36, 146078),
 'log_count/DEBUG': 2,
 'log_count/INFO': 10,
 'response_received_count': 1,
 'robotstxt/forbidden': 1,
 'robotstxt/request_count': 1,
 'robotstxt/response_count': 1,
 'robotstxt/response_status_count/200': 1,
 'scheduler/dequeued': 1,
 'scheduler/dequeued/memory': 1,
 'scheduler/enqueued': 1,
 'scheduler/enqueued/memory': 1,
 'start_time': datetime.datetime(2019, 12, 28, 8, 22, 35, 861292)}
2019-12-28 16:22:36 [scrapy.core.engine] INFO: Spider closed (finished)
2019-12-28 16:23:10 [scrapy.utils.log] INFO: Scrapy 1.8.0 started (bot: myscrapy)
2019-12-28 16:23:10 [scrapy.utils.log] INFO: Versions: lxml 4.4.2.0, libxml2 2.9.5, cssselect 1.1.0, parsel 1.5.2, w3lib 1.21.0, Twisted 19.10.0, Python 3.7.4 (tags/v3.7.4:e09359112e, Jul  8 2019, 20:34:20) [MSC v.1916 64 bit (AMD64)], pyOpenSSL 19.1.0 (OpenSSL 1.1.1d  10 Sep 2019), cryptography 2.8, Platform Windows-10-10.0.18362-SP0
2019-12-28 16:23:10 [scrapy.crawler] INFO: Overridden settings: {'BOT_NAME': 'myscrapy', 'LOG_FILE': './log.log', 'NEWSPIDER_MODULE': 'myscrapy.spiders', 'ROBOTSTXT_OBEY': True, 'SPIDER_MODULES': ['myscrapy.spiders']}
2019-12-28 16:23:10 [scrapy.extensions.telnet] INFO: Telnet Password: b709c8dcd9b0f5a0
2019-12-28 16:23:10 [scrapy.middleware] INFO: Enabled extensions:
['scrapy.extensions.corestats.CoreStats',
 'scrapy.extensions.telnet.TelnetConsole',
 'scrapy.extensions.logstats.LogStats']
2019-12-28 16:23:11 [scrapy.middleware] INFO: Enabled downloader middlewares:
['scrapy.downloadermiddlewares.robotstxt.RobotsTxtMiddleware',
 'scrapy.downloadermiddlewares.httpauth.HttpAuthMiddleware',
 'scrapy.downloadermiddlewares.downloadtimeout.DownloadTimeoutMiddleware',
 'scrapy.downloadermiddlewares.defaultheaders.DefaultHeadersMiddleware',
 'scrapy.downloadermiddlewares.useragent.UserAgentMiddleware',
 'scrapy.downloadermiddlewares.retry.RetryMiddleware',
 'scrapy.downloadermiddlewares.redirect.MetaRefreshMiddleware',
 'scrapy.downloadermiddlewares.httpcompression.HttpCompressionMiddleware',
 'scrapy.downloadermiddlewares.redirect.RedirectMiddleware',
 'scrapy.downloadermiddlewares.cookies.CookiesMiddleware',
 'scrapy.downloadermiddlewares.httpproxy.HttpProxyMiddleware',
 'scrapy.downloadermiddlewares.stats.DownloaderStats']
2019-12-28 16:23:11 [scrapy.middleware] INFO: Enabled spider middlewares:
['scrapy.spidermiddlewares.httperror.HttpErrorMiddleware',
 'scrapy.spidermiddlewares.offsite.OffsiteMiddleware',
 'scrapy.spidermiddlewares.referer.RefererMiddleware',
 'scrapy.spidermiddlewares.urllength.UrlLengthMiddleware',
 'scrapy.spidermiddlewares.depth.DepthMiddleware']
2019-12-28 16:23:11 [scrapy.middleware] INFO: Enabled item pipelines:
[]
2019-12-28 16:23:11 [scrapy.core.engine] INFO: Spider opened
2019-12-28 16:23:11 [scrapy.extensions.logstats] INFO: Crawled 0 pages (at 0 pages/min), scraped 0 items (at 0 items/min)
2019-12-28 16:23:11 [scrapy.extensions.telnet] INFO: Telnet console listening on 127.0.0.1:6023
2019-12-28 16:23:11 [scrapy.core.engine] DEBUG: Crawled (200) <GET http://datachart.500.com/robots.txt> (referer: None)
2019-12-28 16:23:11 [scrapy.core.engine] DEBUG: Crawled (200) <GET http://datachart.500.com/dlt/> (referer: None)
2019-12-28 16:23:11 [scrapy.core.scraper] ERROR: Spider error processing <GET http://datachart.500.com/dlt/> (referer: None)
Traceback (most recent call last):
  File "d:\python\python37\lib\site-packages\twisted\internet\defer.py", line 654, in _runCallbacks
    current.result = callback(current.result, *args, **kw)
  File "E:\Workspace\WorkspaceForPython\SrcapyProject\myscrapy\myscrapy\spiders\sipder1.py", line 22, in parse
    last_end_num = response.meta['last_end_num']
KeyError: 'last_end_num'
2019-12-28 16:23:11 [scrapy.core.engine] INFO: Closing spider (finished)
2019-12-28 16:23:11 [scrapy.statscollectors] INFO: Dumping Scrapy stats:
{'downloader/request_bytes': 446,
 'downloader/request_count': 2,
 'downloader/request_method_count/GET': 2,
 'downloader/response_bytes': 25297,
 'downloader/response_count': 2,
 'downloader/response_status_count/200': 2,
 'elapsed_time_seconds': 0.441011,
 'finish_reason': 'finished',
 'finish_time': datetime.datetime(2019, 12, 28, 8, 23, 11, 486687),
 'log_count/DEBUG': 2,
 'log_count/ERROR': 1,
 'log_count/INFO': 10,
 'response_received_count': 2,
 'robotstxt/request_count': 1,
 'robotstxt/response_count': 1,
 'robotstxt/response_status_count/200': 1,
 'scheduler/dequeued': 1,
 'scheduler/dequeued/memory': 1,
 'scheduler/enqueued': 1,
 'scheduler/enqueued/memory': 1,
 'spider_exceptions/KeyError': 1,
 'start_time': datetime.datetime(2019, 12, 28, 8, 23, 11, 45676)}
2019-12-28 16:23:11 [scrapy.core.engine] INFO: Spider closed (finished)
2019-12-28 16:24:34 [scrapy.utils.log] INFO: Scrapy 1.8.0 started (bot: myscrapy)
2019-12-28 16:24:34 [scrapy.utils.log] INFO: Versions: lxml 4.4.2.0, libxml2 2.9.5, cssselect 1.1.0, parsel 1.5.2, w3lib 1.21.0, Twisted 19.10.0, Python 3.7.4 (tags/v3.7.4:e09359112e, Jul  8 2019, 20:34:20) [MSC v.1916 64 bit (AMD64)], pyOpenSSL 19.1.0 (OpenSSL 1.1.1d  10 Sep 2019), cryptography 2.8, Platform Windows-10-10.0.18362-SP0
2019-12-28 16:24:34 [scrapy.crawler] INFO: Overridden settings: {'BOT_NAME': 'myscrapy', 'LOG_FILE': './log.log', 'NEWSPIDER_MODULE': 'myscrapy.spiders', 'ROBOTSTXT_OBEY': True, 'SPIDER_MODULES': ['myscrapy.spiders']}
2019-12-28 16:24:34 [scrapy.extensions.telnet] INFO: Telnet Password: 18df2fa6da7a713c
2019-12-28 16:24:34 [scrapy.middleware] INFO: Enabled extensions:
['scrapy.extensions.corestats.CoreStats',
 'scrapy.extensions.telnet.TelnetConsole',
 'scrapy.extensions.logstats.LogStats']
2019-12-28 16:24:34 [scrapy.middleware] INFO: Enabled downloader middlewares:
['scrapy.downloadermiddlewares.robotstxt.RobotsTxtMiddleware',
 'scrapy.downloadermiddlewares.httpauth.HttpAuthMiddleware',
 'scrapy.downloadermiddlewares.downloadtimeout.DownloadTimeoutMiddleware',
 'scrapy.downloadermiddlewares.defaultheaders.DefaultHeadersMiddleware',
 'scrapy.downloadermiddlewares.useragent.UserAgentMiddleware',
 'scrapy.downloadermiddlewares.retry.RetryMiddleware',
 'scrapy.downloadermiddlewares.redirect.MetaRefreshMiddleware',
 'scrapy.downloadermiddlewares.httpcompression.HttpCompressionMiddleware',
 'scrapy.downloadermiddlewares.redirect.RedirectMiddleware',
 'scrapy.downloadermiddlewares.cookies.CookiesMiddleware',
 'scrapy.downloadermiddlewares.httpproxy.HttpProxyMiddleware',
 'scrapy.downloadermiddlewares.stats.DownloaderStats']
2019-12-28 16:24:34 [scrapy.middleware] INFO: Enabled spider middlewares:
['scrapy.spidermiddlewares.httperror.HttpErrorMiddleware',
 'scrapy.spidermiddlewares.offsite.OffsiteMiddleware',
 'scrapy.spidermiddlewares.referer.RefererMiddleware',
 'scrapy.spidermiddlewares.urllength.UrlLengthMiddleware',
 'scrapy.spidermiddlewares.depth.DepthMiddleware']
2019-12-28 16:24:34 [scrapy.middleware] INFO: Enabled item pipelines:
[]
2019-12-28 16:24:34 [scrapy.core.engine] INFO: Spider opened
2019-12-28 16:24:34 [scrapy.extensions.logstats] INFO: Crawled 0 pages (at 0 pages/min), scraped 0 items (at 0 items/min)
2019-12-28 16:24:34 [scrapy.extensions.telnet] INFO: Telnet console listening on 127.0.0.1:6023
2019-12-28 16:24:34 [scrapy.core.engine] DEBUG: Crawled (200) <GET http://datachart.500.com/robots.txt> (referer: None)
2019-12-28 16:24:34 [scrapy.downloadermiddlewares.robotstxt] DEBUG: Forbidden by robots.txt: <GET http://datachart.500.com/dlt/?expect=all&from=19100&to=19110>
2019-12-28 16:24:34 [scrapy.core.engine] INFO: Closing spider (finished)
2019-12-28 16:24:34 [scrapy.statscollectors] INFO: Dumping Scrapy stats:
{'downloader/exception_count': 1,
 'downloader/exception_type_count/scrapy.exceptions.IgnoreRequest': 1,
 'downloader/request_bytes': 226,
 'downloader/request_count': 1,
 'downloader/request_method_count/GET': 1,
 'downloader/response_bytes': 1058,
 'downloader/response_count': 1,
 'downloader/response_status_count/200': 1,
 'elapsed_time_seconds': 0.287397,
 'finish_reason': 'finished',
 'finish_time': datetime.datetime(2019, 12, 28, 8, 24, 34, 623267),
 'log_count/DEBUG': 2,
 'log_count/INFO': 10,
 'response_received_count': 1,
 'robotstxt/forbidden': 1,
 'robotstxt/request_count': 1,
 'robotstxt/response_count': 1,
 'robotstxt/response_status_count/200': 1,
 'scheduler/dequeued': 1,
 'scheduler/dequeued/memory': 1,
 'scheduler/enqueued': 1,
 'scheduler/enqueued/memory': 1,
 'start_time': datetime.datetime(2019, 12, 28, 8, 24, 34, 335870)}
2019-12-28 16:24:34 [scrapy.core.engine] INFO: Spider closed (finished)
2019-12-28 16:25:46 [scrapy.utils.log] INFO: Scrapy 1.8.0 started (bot: myscrapy)
2019-12-28 16:25:46 [scrapy.utils.log] INFO: Versions: lxml 4.4.2.0, libxml2 2.9.5, cssselect 1.1.0, parsel 1.5.2, w3lib 1.21.0, Twisted 19.10.0, Python 3.7.4 (tags/v3.7.4:e09359112e, Jul  8 2019, 20:34:20) [MSC v.1916 64 bit (AMD64)], pyOpenSSL 19.1.0 (OpenSSL 1.1.1d  10 Sep 2019), cryptography 2.8, Platform Windows-10-10.0.18362-SP0
2019-12-28 16:25:46 [scrapy.crawler] INFO: Overridden settings: {'BOT_NAME': 'myscrapy', 'LOG_FILE': './log.log', 'NEWSPIDER_MODULE': 'myscrapy.spiders', 'ROBOTSTXT_OBEY': True, 'SPIDER_MODULES': ['myscrapy.spiders']}
2019-12-28 16:25:46 [scrapy.extensions.telnet] INFO: Telnet Password: acc8c73df6bb4da0
2019-12-28 16:25:46 [scrapy.middleware] INFO: Enabled extensions:
['scrapy.extensions.corestats.CoreStats',
 'scrapy.extensions.telnet.TelnetConsole',
 'scrapy.extensions.logstats.LogStats']
2019-12-28 16:25:46 [scrapy.middleware] INFO: Enabled downloader middlewares:
['scrapy.downloadermiddlewares.robotstxt.RobotsTxtMiddleware',
 'scrapy.downloadermiddlewares.httpauth.HttpAuthMiddleware',
 'scrapy.downloadermiddlewares.downloadtimeout.DownloadTimeoutMiddleware',
 'scrapy.downloadermiddlewares.defaultheaders.DefaultHeadersMiddleware',
 'scrapy.downloadermiddlewares.useragent.UserAgentMiddleware',
 'scrapy.downloadermiddlewares.retry.RetryMiddleware',
 'scrapy.downloadermiddlewares.redirect.MetaRefreshMiddleware',
 'scrapy.downloadermiddlewares.httpcompression.HttpCompressionMiddleware',
 'scrapy.downloadermiddlewares.redirect.RedirectMiddleware',
 'scrapy.downloadermiddlewares.cookies.CookiesMiddleware',
 'scrapy.downloadermiddlewares.httpproxy.HttpProxyMiddleware',
 'scrapy.downloadermiddlewares.stats.DownloaderStats']
2019-12-28 16:25:46 [scrapy.middleware] INFO: Enabled spider middlewares:
['scrapy.spidermiddlewares.httperror.HttpErrorMiddleware',
 'scrapy.spidermiddlewares.offsite.OffsiteMiddleware',
 'scrapy.spidermiddlewares.referer.RefererMiddleware',
 'scrapy.spidermiddlewares.urllength.UrlLengthMiddleware',
 'scrapy.spidermiddlewares.depth.DepthMiddleware']
2019-12-28 16:25:46 [scrapy.middleware] INFO: Enabled item pipelines:
[]
2019-12-28 16:25:46 [scrapy.core.engine] INFO: Spider opened
2019-12-28 16:25:46 [scrapy.extensions.logstats] INFO: Crawled 0 pages (at 0 pages/min), scraped 0 items (at 0 items/min)
2019-12-28 16:25:46 [scrapy.extensions.telnet] INFO: Telnet console listening on 127.0.0.1:6023
2019-12-28 16:25:46 [scrapy.core.engine] DEBUG: Crawled (200) <GET http://datachart.500.com/robots.txt> (referer: None)
2019-12-28 16:25:46 [scrapy.core.engine] DEBUG: Crawled (200) <GET http://datachart.500.com/dlt/> (referer: None)
2019-12-28 16:25:46 [scrapy.core.scraper] ERROR: Spider error processing <GET http://datachart.500.com/dlt/> (referer: None)
Traceback (most recent call last):
  File "d:\python\python37\lib\site-packages\twisted\internet\defer.py", line 654, in _runCallbacks
    current.result = callback(current.result, *args, **kw)
  File "E:\Workspace\WorkspaceForPython\SrcapyProject\myscrapy\myscrapy\spiders\sipder1.py", line 22, in parse
    last_end_num = response.meta['last_end_num']
KeyError: 'last_end_num'
2019-12-28 16:25:46 [scrapy.core.engine] INFO: Closing spider (finished)
2019-12-28 16:25:46 [scrapy.statscollectors] INFO: Dumping Scrapy stats:
{'downloader/request_bytes': 446,
 'downloader/request_count': 2,
 'downloader/request_method_count/GET': 2,
 'downloader/response_bytes': 25297,
 'downloader/response_count': 2,
 'downloader/response_status_count/200': 2,
 'elapsed_time_seconds': 0.424357,
 'finish_reason': 'finished',
 'finish_time': datetime.datetime(2019, 12, 28, 8, 25, 46, 686916),
 'log_count/DEBUG': 2,
 'log_count/ERROR': 1,
 'log_count/INFO': 10,
 'response_received_count': 2,
 'robotstxt/request_count': 1,
 'robotstxt/response_count': 1,
 'robotstxt/response_status_count/200': 1,
 'scheduler/dequeued': 1,
 'scheduler/dequeued/memory': 1,
 'scheduler/enqueued': 1,
 'scheduler/enqueued/memory': 1,
 'spider_exceptions/KeyError': 1,
 'start_time': datetime.datetime(2019, 12, 28, 8, 25, 46, 262559)}
2019-12-28 16:25:46 [scrapy.core.engine] INFO: Spider closed (finished)
2019-12-28 16:26:21 [scrapy.utils.log] INFO: Scrapy 1.8.0 started (bot: myscrapy)
2019-12-28 16:26:21 [scrapy.utils.log] INFO: Versions: lxml 4.4.2.0, libxml2 2.9.5, cssselect 1.1.0, parsel 1.5.2, w3lib 1.21.0, Twisted 19.10.0, Python 3.7.4 (tags/v3.7.4:e09359112e, Jul  8 2019, 20:34:20) [MSC v.1916 64 bit (AMD64)], pyOpenSSL 19.1.0 (OpenSSL 1.1.1d  10 Sep 2019), cryptography 2.8, Platform Windows-10-10.0.18362-SP0
2019-12-28 16:26:21 [scrapy.crawler] INFO: Overridden settings: {'BOT_NAME': 'myscrapy', 'LOG_FILE': './log.log', 'NEWSPIDER_MODULE': 'myscrapy.spiders', 'ROBOTSTXT_OBEY': True, 'SPIDER_MODULES': ['myscrapy.spiders']}
2019-12-28 16:26:21 [scrapy.extensions.telnet] INFO: Telnet Password: 880f4396ab48844a
2019-12-28 16:26:21 [scrapy.middleware] INFO: Enabled extensions:
['scrapy.extensions.corestats.CoreStats',
 'scrapy.extensions.telnet.TelnetConsole',
 'scrapy.extensions.logstats.LogStats']
2019-12-28 16:26:21 [scrapy.middleware] INFO: Enabled downloader middlewares:
['scrapy.downloadermiddlewares.robotstxt.RobotsTxtMiddleware',
 'scrapy.downloadermiddlewares.httpauth.HttpAuthMiddleware',
 'scrapy.downloadermiddlewares.downloadtimeout.DownloadTimeoutMiddleware',
 'scrapy.downloadermiddlewares.defaultheaders.DefaultHeadersMiddleware',
 'scrapy.downloadermiddlewares.useragent.UserAgentMiddleware',
 'scrapy.downloadermiddlewares.retry.RetryMiddleware',
 'scrapy.downloadermiddlewares.redirect.MetaRefreshMiddleware',
 'scrapy.downloadermiddlewares.httpcompression.HttpCompressionMiddleware',
 'scrapy.downloadermiddlewares.redirect.RedirectMiddleware',
 'scrapy.downloadermiddlewares.cookies.CookiesMiddleware',
 'scrapy.downloadermiddlewares.httpproxy.HttpProxyMiddleware',
 'scrapy.downloadermiddlewares.stats.DownloaderStats']
2019-12-28 16:26:21 [scrapy.middleware] INFO: Enabled spider middlewares:
['scrapy.spidermiddlewares.httperror.HttpErrorMiddleware',
 'scrapy.spidermiddlewares.offsite.OffsiteMiddleware',
 'scrapy.spidermiddlewares.referer.RefererMiddleware',
 'scrapy.spidermiddlewares.urllength.UrlLengthMiddleware',
 'scrapy.spidermiddlewares.depth.DepthMiddleware']
2019-12-28 16:26:21 [scrapy.middleware] INFO: Enabled item pipelines:
[]
2019-12-28 16:26:21 [scrapy.core.engine] INFO: Spider opened
2019-12-28 16:26:21 [scrapy.extensions.logstats] INFO: Crawled 0 pages (at 0 pages/min), scraped 0 items (at 0 items/min)
2019-12-28 16:26:21 [scrapy.extensions.telnet] INFO: Telnet console listening on 127.0.0.1:6023
2019-12-28 16:26:21 [scrapy.core.engine] DEBUG: Crawled (200) <GET http://datachart.500.com/robots.txt> (referer: None)
2019-12-28 16:26:21 [scrapy.core.engine] DEBUG: Crawled (200) <GET http://datachart.500.com/dlt/> (referer: None)
2019-12-28 16:26:22 [scrapy.core.scraper] ERROR: Spider error processing <GET http://datachart.500.com/dlt/> (referer: None)
Traceback (most recent call last):
  File "d:\python\python37\lib\site-packages\twisted\internet\defer.py", line 654, in _runCallbacks
    current.result = callback(current.result, *args, **kw)
  File "E:\Workspace\WorkspaceForPython\SrcapyProject\myscrapy\myscrapy\spiders\sipder1.py", line 22, in parse
    last_end_num = response.meta['last_end_num']
KeyError: 'last_end_num'
2019-12-28 16:26:22 [scrapy.core.engine] INFO: Closing spider (finished)
2019-12-28 16:26:22 [scrapy.statscollectors] INFO: Dumping Scrapy stats:
{'downloader/request_bytes': 446,
 'downloader/request_count': 2,
 'downloader/request_method_count/GET': 2,
 'downloader/response_bytes': 25297,
 'downloader/response_count': 2,
 'downloader/response_status_count/200': 2,
 'elapsed_time_seconds': 0.48038,
 'finish_reason': 'finished',
 'finish_time': datetime.datetime(2019, 12, 28, 8, 26, 22, 121689),
 'log_count/DEBUG': 2,
 'log_count/ERROR': 1,
 'log_count/INFO': 10,
 'response_received_count': 2,
 'robotstxt/request_count': 1,
 'robotstxt/response_count': 1,
 'robotstxt/response_status_count/200': 1,
 'scheduler/dequeued': 1,
 'scheduler/dequeued/memory': 1,
 'scheduler/enqueued': 1,
 'scheduler/enqueued/memory': 1,
 'spider_exceptions/KeyError': 1,
 'start_time': datetime.datetime(2019, 12, 28, 8, 26, 21, 641309)}
2019-12-28 16:26:22 [scrapy.core.engine] INFO: Spider closed (finished)
2019-12-28 16:27:14 [scrapy.utils.log] INFO: Scrapy 1.8.0 started (bot: myscrapy)
2019-12-28 16:27:14 [scrapy.utils.log] INFO: Versions: lxml 4.4.2.0, libxml2 2.9.5, cssselect 1.1.0, parsel 1.5.2, w3lib 1.21.0, Twisted 19.10.0, Python 3.7.4 (tags/v3.7.4:e09359112e, Jul  8 2019, 20:34:20) [MSC v.1916 64 bit (AMD64)], pyOpenSSL 19.1.0 (OpenSSL 1.1.1d  10 Sep 2019), cryptography 2.8, Platform Windows-10-10.0.18362-SP0
2019-12-28 16:27:14 [scrapy.crawler] INFO: Overridden settings: {'BOT_NAME': 'myscrapy', 'LOG_FILE': './log.log', 'NEWSPIDER_MODULE': 'myscrapy.spiders', 'ROBOTSTXT_OBEY': True, 'SPIDER_MODULES': ['myscrapy.spiders']}
2019-12-28 16:27:14 [scrapy.extensions.telnet] INFO: Telnet Password: 1c00974dc3275f0f
2019-12-28 16:27:14 [scrapy.middleware] INFO: Enabled extensions:
['scrapy.extensions.corestats.CoreStats',
 'scrapy.extensions.telnet.TelnetConsole',
 'scrapy.extensions.logstats.LogStats']
2019-12-28 16:27:14 [scrapy.middleware] INFO: Enabled downloader middlewares:
['scrapy.downloadermiddlewares.robotstxt.RobotsTxtMiddleware',
 'scrapy.downloadermiddlewares.httpauth.HttpAuthMiddleware',
 'scrapy.downloadermiddlewares.downloadtimeout.DownloadTimeoutMiddleware',
 'scrapy.downloadermiddlewares.defaultheaders.DefaultHeadersMiddleware',
 'scrapy.downloadermiddlewares.useragent.UserAgentMiddleware',
 'scrapy.downloadermiddlewares.retry.RetryMiddleware',
 'scrapy.downloadermiddlewares.redirect.MetaRefreshMiddleware',
 'scrapy.downloadermiddlewares.httpcompression.HttpCompressionMiddleware',
 'scrapy.downloadermiddlewares.redirect.RedirectMiddleware',
 'scrapy.downloadermiddlewares.cookies.CookiesMiddleware',
 'scrapy.downloadermiddlewares.httpproxy.HttpProxyMiddleware',
 'scrapy.downloadermiddlewares.stats.DownloaderStats']
2019-12-28 16:27:14 [scrapy.middleware] INFO: Enabled spider middlewares:
['scrapy.spidermiddlewares.httperror.HttpErrorMiddleware',
 'scrapy.spidermiddlewares.offsite.OffsiteMiddleware',
 'scrapy.spidermiddlewares.referer.RefererMiddleware',
 'scrapy.spidermiddlewares.urllength.UrlLengthMiddleware',
 'scrapy.spidermiddlewares.depth.DepthMiddleware']
2019-12-28 16:27:14 [scrapy.middleware] INFO: Enabled item pipelines:
[]
2019-12-28 16:27:14 [scrapy.core.engine] INFO: Spider opened
2019-12-28 16:27:14 [scrapy.extensions.logstats] INFO: Crawled 0 pages (at 0 pages/min), scraped 0 items (at 0 items/min)
2019-12-28 16:27:14 [scrapy.extensions.telnet] INFO: Telnet console listening on 127.0.0.1:6023
2019-12-28 16:27:14 [scrapy.core.engine] DEBUG: Crawled (200) <GET http://datachart.500.com/robots.txt> (referer: None)
2019-12-28 16:27:14 [scrapy.core.engine] DEBUG: Crawled (200) <GET http://datachart.500.com/dlt/> (referer: None)
2019-12-28 16:27:14 [scrapy.core.scraper] ERROR: Spider error processing <GET http://datachart.500.com/dlt/> (referer: None)
Traceback (most recent call last):
  File "d:\python\python37\lib\site-packages\twisted\internet\defer.py", line 654, in _runCallbacks
    current.result = callback(current.result, *args, **kw)
  File "E:\Workspace\WorkspaceForPython\SrcapyProject\myscrapy\myscrapy\spiders\sipder1.py", line 22, in parse
    last_end_num = response.meta['last_end_num']
KeyError: 'last_end_num'
2019-12-28 16:27:15 [scrapy.core.engine] INFO: Closing spider (finished)
2019-12-28 16:27:15 [scrapy.statscollectors] INFO: Dumping Scrapy stats:
{'downloader/request_bytes': 446,
 'downloader/request_count': 2,
 'downloader/request_method_count/GET': 2,
 'downloader/response_bytes': 25297,
 'downloader/response_count': 2,
 'downloader/response_status_count/200': 2,
 'elapsed_time_seconds': 0.449342,
 'finish_reason': 'finished',
 'finish_time': datetime.datetime(2019, 12, 28, 8, 27, 15, 100550),
 'log_count/DEBUG': 2,
 'log_count/ERROR': 1,
 'log_count/INFO': 10,
 'response_received_count': 2,
 'robotstxt/request_count': 1,
 'robotstxt/response_count': 1,
 'robotstxt/response_status_count/200': 1,
 'scheduler/dequeued': 1,
 'scheduler/dequeued/memory': 1,
 'scheduler/enqueued': 1,
 'scheduler/enqueued/memory': 1,
 'spider_exceptions/KeyError': 1,
 'start_time': datetime.datetime(2019, 12, 28, 8, 27, 14, 651208)}
2019-12-28 16:27:15 [scrapy.core.engine] INFO: Spider closed (finished)
2019-12-28 16:27:31 [scrapy.utils.log] INFO: Scrapy 1.8.0 started (bot: myscrapy)
2019-12-28 16:27:31 [scrapy.utils.log] INFO: Versions: lxml 4.4.2.0, libxml2 2.9.5, cssselect 1.1.0, parsel 1.5.2, w3lib 1.21.0, Twisted 19.10.0, Python 3.7.4 (tags/v3.7.4:e09359112e, Jul  8 2019, 20:34:20) [MSC v.1916 64 bit (AMD64)], pyOpenSSL 19.1.0 (OpenSSL 1.1.1d  10 Sep 2019), cryptography 2.8, Platform Windows-10-10.0.18362-SP0
2019-12-28 16:27:31 [scrapy.crawler] INFO: Overridden settings: {'BOT_NAME': 'myscrapy', 'LOG_FILE': './log.log', 'NEWSPIDER_MODULE': 'myscrapy.spiders', 'ROBOTSTXT_OBEY': True, 'SPIDER_MODULES': ['myscrapy.spiders']}
2019-12-28 16:27:31 [scrapy.extensions.telnet] INFO: Telnet Password: 2efff4f9f5c0bce0
2019-12-28 16:27:31 [scrapy.middleware] INFO: Enabled extensions:
['scrapy.extensions.corestats.CoreStats',
 'scrapy.extensions.telnet.TelnetConsole',
 'scrapy.extensions.logstats.LogStats']
2019-12-28 16:27:31 [scrapy.middleware] INFO: Enabled downloader middlewares:
['scrapy.downloadermiddlewares.robotstxt.RobotsTxtMiddleware',
 'scrapy.downloadermiddlewares.httpauth.HttpAuthMiddleware',
 'scrapy.downloadermiddlewares.downloadtimeout.DownloadTimeoutMiddleware',
 'scrapy.downloadermiddlewares.defaultheaders.DefaultHeadersMiddleware',
 'scrapy.downloadermiddlewares.useragent.UserAgentMiddleware',
 'scrapy.downloadermiddlewares.retry.RetryMiddleware',
 'scrapy.downloadermiddlewares.redirect.MetaRefreshMiddleware',
 'scrapy.downloadermiddlewares.httpcompression.HttpCompressionMiddleware',
 'scrapy.downloadermiddlewares.redirect.RedirectMiddleware',
 'scrapy.downloadermiddlewares.cookies.CookiesMiddleware',
 'scrapy.downloadermiddlewares.httpproxy.HttpProxyMiddleware',
 'scrapy.downloadermiddlewares.stats.DownloaderStats']
2019-12-28 16:27:31 [scrapy.middleware] INFO: Enabled spider middlewares:
['scrapy.spidermiddlewares.httperror.HttpErrorMiddleware',
 'scrapy.spidermiddlewares.offsite.OffsiteMiddleware',
 'scrapy.spidermiddlewares.referer.RefererMiddleware',
 'scrapy.spidermiddlewares.urllength.UrlLengthMiddleware',
 'scrapy.spidermiddlewares.depth.DepthMiddleware']
2019-12-28 16:27:31 [scrapy.middleware] INFO: Enabled item pipelines:
[]
2019-12-28 16:27:31 [scrapy.core.engine] INFO: Spider opened
2019-12-28 16:27:31 [scrapy.extensions.logstats] INFO: Crawled 0 pages (at 0 pages/min), scraped 0 items (at 0 items/min)
2019-12-28 16:27:31 [scrapy.extensions.telnet] INFO: Telnet console listening on 127.0.0.1:6023
2019-12-28 16:27:31 [scrapy.core.engine] DEBUG: Crawled (200) <GET http://datachart.500.com/robots.txt> (referer: None)
2019-12-28 16:27:31 [scrapy.core.engine] DEBUG: Crawled (200) <GET http://datachart.500.com/dlt/> (referer: None)
2019-12-28 16:27:31 [scrapy.core.scraper] ERROR: Spider error processing <GET http://datachart.500.com/dlt/> (referer: None)
Traceback (most recent call last):
  File "d:\python\python37\lib\site-packages\twisted\internet\defer.py", line 654, in _runCallbacks
    current.result = callback(current.result, *args, **kw)
  File "E:\Workspace\WorkspaceForPython\SrcapyProject\myscrapy\myscrapy\spiders\sipder1.py", line 22, in parse
    last_end_num = response.meta['last_end_num']
KeyError: 'last_end_num'
2019-12-28 16:27:31 [scrapy.core.engine] INFO: Closing spider (finished)
2019-12-28 16:27:31 [scrapy.statscollectors] INFO: Dumping Scrapy stats:
{'downloader/request_bytes': 446,
 'downloader/request_count': 2,
 'downloader/request_method_count/GET': 2,
 'downloader/response_bytes': 25297,
 'downloader/response_count': 2,
 'downloader/response_status_count/200': 2,
 'elapsed_time_seconds': 0.494337,
 'finish_reason': 'finished',
 'finish_time': datetime.datetime(2019, 12, 28, 8, 27, 31, 840136),
 'log_count/DEBUG': 2,
 'log_count/ERROR': 1,
 'log_count/INFO': 10,
 'response_received_count': 2,
 'robotstxt/request_count': 1,
 'robotstxt/response_count': 1,
 'robotstxt/response_status_count/200': 1,
 'scheduler/dequeued': 1,
 'scheduler/dequeued/memory': 1,
 'scheduler/enqueued': 1,
 'scheduler/enqueued/memory': 1,
 'spider_exceptions/KeyError': 1,
 'start_time': datetime.datetime(2019, 12, 28, 8, 27, 31, 345799)}
2019-12-28 16:27:31 [scrapy.core.engine] INFO: Spider closed (finished)
2019-12-28 16:27:54 [scrapy.utils.log] INFO: Scrapy 1.8.0 started (bot: myscrapy)
2019-12-28 16:27:54 [scrapy.utils.log] INFO: Versions: lxml 4.4.2.0, libxml2 2.9.5, cssselect 1.1.0, parsel 1.5.2, w3lib 1.21.0, Twisted 19.10.0, Python 3.7.4 (tags/v3.7.4:e09359112e, Jul  8 2019, 20:34:20) [MSC v.1916 64 bit (AMD64)], pyOpenSSL 19.1.0 (OpenSSL 1.1.1d  10 Sep 2019), cryptography 2.8, Platform Windows-10-10.0.18362-SP0
2019-12-28 16:27:54 [scrapy.crawler] INFO: Overridden settings: {'BOT_NAME': 'myscrapy', 'LOG_FILE': './log.log', 'NEWSPIDER_MODULE': 'myscrapy.spiders', 'ROBOTSTXT_OBEY': True, 'SPIDER_MODULES': ['myscrapy.spiders']}
2019-12-28 16:27:54 [scrapy.extensions.telnet] INFO: Telnet Password: 62728489fee29554
2019-12-28 16:27:54 [scrapy.middleware] INFO: Enabled extensions:
['scrapy.extensions.corestats.CoreStats',
 'scrapy.extensions.telnet.TelnetConsole',
 'scrapy.extensions.logstats.LogStats']
2019-12-28 16:27:54 [scrapy.middleware] INFO: Enabled downloader middlewares:
['scrapy.downloadermiddlewares.robotstxt.RobotsTxtMiddleware',
 'scrapy.downloadermiddlewares.httpauth.HttpAuthMiddleware',
 'scrapy.downloadermiddlewares.downloadtimeout.DownloadTimeoutMiddleware',
 'scrapy.downloadermiddlewares.defaultheaders.DefaultHeadersMiddleware',
 'scrapy.downloadermiddlewares.useragent.UserAgentMiddleware',
 'scrapy.downloadermiddlewares.retry.RetryMiddleware',
 'scrapy.downloadermiddlewares.redirect.MetaRefreshMiddleware',
 'scrapy.downloadermiddlewares.httpcompression.HttpCompressionMiddleware',
 'scrapy.downloadermiddlewares.redirect.RedirectMiddleware',
 'scrapy.downloadermiddlewares.cookies.CookiesMiddleware',
 'scrapy.downloadermiddlewares.httpproxy.HttpProxyMiddleware',
 'scrapy.downloadermiddlewares.stats.DownloaderStats']
2019-12-28 16:27:54 [scrapy.middleware] INFO: Enabled spider middlewares:
['scrapy.spidermiddlewares.httperror.HttpErrorMiddleware',
 'scrapy.spidermiddlewares.offsite.OffsiteMiddleware',
 'scrapy.spidermiddlewares.referer.RefererMiddleware',
 'scrapy.spidermiddlewares.urllength.UrlLengthMiddleware',
 'scrapy.spidermiddlewares.depth.DepthMiddleware']
2019-12-28 16:27:54 [scrapy.middleware] INFO: Enabled item pipelines:
[]
2019-12-28 16:27:54 [scrapy.core.engine] INFO: Spider opened
2019-12-28 16:27:54 [scrapy.extensions.logstats] INFO: Crawled 0 pages (at 0 pages/min), scraped 0 items (at 0 items/min)
2019-12-28 16:27:54 [scrapy.extensions.telnet] INFO: Telnet console listening on 127.0.0.1:6023
2019-12-28 16:27:55 [scrapy.core.engine] DEBUG: Crawled (200) <GET http://datachart.500.com/robots.txt> (referer: None)
2019-12-28 16:27:55 [scrapy.core.engine] DEBUG: Crawled (200) <GET http://datachart.500.com/dlt/> (referer: None)
2019-12-28 16:27:55 [scrapy.downloadermiddlewares.robotstxt] DEBUG: Forbidden by robots.txt: <GET http://datachart.500.com/dlt/?expect=all&from=19111&to=19121>
2019-12-28 16:27:55 [scrapy.core.engine] INFO: Closing spider (finished)
2019-12-28 16:27:55 [scrapy.statscollectors] INFO: Dumping Scrapy stats:
{'downloader/exception_count': 1,
 'downloader/exception_type_count/scrapy.exceptions.IgnoreRequest': 1,
 'downloader/request_bytes': 446,
 'downloader/request_count': 2,
 'downloader/request_method_count/GET': 2,
 'downloader/response_bytes': 25297,
 'downloader/response_count': 2,
 'downloader/response_status_count/200': 2,
 'elapsed_time_seconds': 0.60284,
 'finish_reason': 'finished',
 'finish_time': datetime.datetime(2019, 12, 28, 8, 27, 55, 581633),
 'log_count/DEBUG': 3,
 'log_count/INFO': 10,
 'request_depth_max': 1,
 'response_received_count': 2,
 'robotstxt/forbidden': 1,
 'robotstxt/request_count': 1,
 'robotstxt/response_count': 1,
 'robotstxt/response_status_count/200': 1,
 'scheduler/dequeued': 2,
 'scheduler/dequeued/memory': 2,
 'scheduler/enqueued': 2,
 'scheduler/enqueued/memory': 2,
 'start_time': datetime.datetime(2019, 12, 28, 8, 27, 54, 978793)}
2019-12-28 16:27:55 [scrapy.core.engine] INFO: Spider closed (finished)
2019-12-28 16:28:26 [scrapy.utils.log] INFO: Scrapy 1.8.0 started (bot: myscrapy)
2019-12-28 16:28:26 [scrapy.utils.log] INFO: Versions: lxml 4.4.2.0, libxml2 2.9.5, cssselect 1.1.0, parsel 1.5.2, w3lib 1.21.0, Twisted 19.10.0, Python 3.7.4 (tags/v3.7.4:e09359112e, Jul  8 2019, 20:34:20) [MSC v.1916 64 bit (AMD64)], pyOpenSSL 19.1.0 (OpenSSL 1.1.1d  10 Sep 2019), cryptography 2.8, Platform Windows-10-10.0.18362-SP0
2019-12-28 16:28:26 [scrapy.crawler] INFO: Overridden settings: {'BOT_NAME': 'myscrapy', 'LOG_FILE': './log.log', 'NEWSPIDER_MODULE': 'myscrapy.spiders', 'ROBOTSTXT_OBEY': True, 'SPIDER_MODULES': ['myscrapy.spiders']}
2019-12-28 16:28:26 [scrapy.extensions.telnet] INFO: Telnet Password: f1285021281b48ef
2019-12-28 16:28:26 [scrapy.middleware] INFO: Enabled extensions:
['scrapy.extensions.corestats.CoreStats',
 'scrapy.extensions.telnet.TelnetConsole',
 'scrapy.extensions.logstats.LogStats']
2019-12-28 16:28:26 [scrapy.middleware] INFO: Enabled downloader middlewares:
['scrapy.downloadermiddlewares.robotstxt.RobotsTxtMiddleware',
 'scrapy.downloadermiddlewares.httpauth.HttpAuthMiddleware',
 'scrapy.downloadermiddlewares.downloadtimeout.DownloadTimeoutMiddleware',
 'scrapy.downloadermiddlewares.defaultheaders.DefaultHeadersMiddleware',
 'scrapy.downloadermiddlewares.useragent.UserAgentMiddleware',
 'scrapy.downloadermiddlewares.retry.RetryMiddleware',
 'scrapy.downloadermiddlewares.redirect.MetaRefreshMiddleware',
 'scrapy.downloadermiddlewares.httpcompression.HttpCompressionMiddleware',
 'scrapy.downloadermiddlewares.redirect.RedirectMiddleware',
 'scrapy.downloadermiddlewares.cookies.CookiesMiddleware',
 'scrapy.downloadermiddlewares.httpproxy.HttpProxyMiddleware',
 'scrapy.downloadermiddlewares.stats.DownloaderStats']
2019-12-28 16:28:26 [scrapy.middleware] INFO: Enabled spider middlewares:
['scrapy.spidermiddlewares.httperror.HttpErrorMiddleware',
 'scrapy.spidermiddlewares.offsite.OffsiteMiddleware',
 'scrapy.spidermiddlewares.referer.RefererMiddleware',
 'scrapy.spidermiddlewares.urllength.UrlLengthMiddleware',
 'scrapy.spidermiddlewares.depth.DepthMiddleware']
2019-12-28 16:28:26 [scrapy.middleware] INFO: Enabled item pipelines:
[]
2019-12-28 16:28:26 [scrapy.core.engine] INFO: Spider opened
2019-12-28 16:28:26 [scrapy.extensions.logstats] INFO: Crawled 0 pages (at 0 pages/min), scraped 0 items (at 0 items/min)
2019-12-28 16:28:26 [scrapy.extensions.telnet] INFO: Telnet console listening on 127.0.0.1:6023
2019-12-28 16:28:26 [scrapy.core.engine] INFO: Closing spider (finished)
2019-12-28 16:28:26 [scrapy.statscollectors] INFO: Dumping Scrapy stats:
{'elapsed_time_seconds': 0.004893,
 'finish_reason': 'finished',
 'finish_time': datetime.datetime(2019, 12, 28, 8, 28, 26, 639000),
 'log_count/INFO': 10,
 'start_time': datetime.datetime(2019, 12, 28, 8, 28, 26, 634107)}
2019-12-28 16:28:26 [scrapy.core.engine] INFO: Spider closed (finished)
2019-12-28 16:29:32 [scrapy.utils.log] INFO: Scrapy 1.8.0 started (bot: myscrapy)
2019-12-28 16:29:32 [scrapy.utils.log] INFO: Versions: lxml 4.4.2.0, libxml2 2.9.5, cssselect 1.1.0, parsel 1.5.2, w3lib 1.21.0, Twisted 19.10.0, Python 3.7.4 (tags/v3.7.4:e09359112e, Jul  8 2019, 20:34:20) [MSC v.1916 64 bit (AMD64)], pyOpenSSL 19.1.0 (OpenSSL 1.1.1d  10 Sep 2019), cryptography 2.8, Platform Windows-10-10.0.18362-SP0
2019-12-28 16:29:32 [scrapy.crawler] INFO: Overridden settings: {'BOT_NAME': 'myscrapy', 'LOG_FILE': './log.log', 'NEWSPIDER_MODULE': 'myscrapy.spiders', 'ROBOTSTXT_OBEY': True, 'SPIDER_MODULES': ['myscrapy.spiders']}
2019-12-28 16:29:32 [scrapy.extensions.telnet] INFO: Telnet Password: c0a5232998e73242
2019-12-28 16:29:32 [scrapy.middleware] INFO: Enabled extensions:
['scrapy.extensions.corestats.CoreStats',
 'scrapy.extensions.telnet.TelnetConsole',
 'scrapy.extensions.logstats.LogStats']
2019-12-28 16:29:33 [scrapy.middleware] INFO: Enabled downloader middlewares:
['scrapy.downloadermiddlewares.robotstxt.RobotsTxtMiddleware',
 'scrapy.downloadermiddlewares.httpauth.HttpAuthMiddleware',
 'scrapy.downloadermiddlewares.downloadtimeout.DownloadTimeoutMiddleware',
 'scrapy.downloadermiddlewares.defaultheaders.DefaultHeadersMiddleware',
 'scrapy.downloadermiddlewares.useragent.UserAgentMiddleware',
 'scrapy.downloadermiddlewares.retry.RetryMiddleware',
 'scrapy.downloadermiddlewares.redirect.MetaRefreshMiddleware',
 'scrapy.downloadermiddlewares.httpcompression.HttpCompressionMiddleware',
 'scrapy.downloadermiddlewares.redirect.RedirectMiddleware',
 'scrapy.downloadermiddlewares.cookies.CookiesMiddleware',
 'scrapy.downloadermiddlewares.httpproxy.HttpProxyMiddleware',
 'scrapy.downloadermiddlewares.stats.DownloaderStats']
2019-12-28 16:29:33 [scrapy.middleware] INFO: Enabled spider middlewares:
['scrapy.spidermiddlewares.httperror.HttpErrorMiddleware',
 'scrapy.spidermiddlewares.offsite.OffsiteMiddleware',
 'scrapy.spidermiddlewares.referer.RefererMiddleware',
 'scrapy.spidermiddlewares.urllength.UrlLengthMiddleware',
 'scrapy.spidermiddlewares.depth.DepthMiddleware']
2019-12-28 16:29:33 [scrapy.middleware] INFO: Enabled item pipelines:
[]
2019-12-28 16:29:33 [scrapy.core.engine] INFO: Spider opened
2019-12-28 16:29:33 [scrapy.extensions.logstats] INFO: Crawled 0 pages (at 0 pages/min), scraped 0 items (at 0 items/min)
2019-12-28 16:29:33 [scrapy.extensions.telnet] INFO: Telnet console listening on 127.0.0.1:6023
2019-12-28 16:29:33 [scrapy.core.engine] DEBUG: Crawled (200) <GET http://datachart.500.com/robots.txt> (referer: None)
2019-12-28 16:29:33 [scrapy.downloadermiddlewares.robotstxt] DEBUG: Forbidden by robots.txt: <GET http://datachart.500.com/dlt/?expect=all&from=19100&to=19110>
2019-12-28 16:29:33 [scrapy.core.engine] INFO: Closing spider (finished)
2019-12-28 16:29:33 [scrapy.statscollectors] INFO: Dumping Scrapy stats:
{'downloader/exception_count': 1,
 'downloader/exception_type_count/scrapy.exceptions.IgnoreRequest': 1,
 'downloader/request_bytes': 226,
 'downloader/request_count': 1,
 'downloader/request_method_count/GET': 1,
 'downloader/response_bytes': 1058,
 'downloader/response_count': 1,
 'downloader/response_status_count/200': 1,
 'elapsed_time_seconds': 0.283856,
 'finish_reason': 'finished',
 'finish_time': datetime.datetime(2019, 12, 28, 8, 29, 33, 449495),
 'log_count/DEBUG': 2,
 'log_count/INFO': 10,
 'response_received_count': 1,
 'robotstxt/forbidden': 1,
 'robotstxt/request_count': 1,
 'robotstxt/response_count': 1,
 'robotstxt/response_status_count/200': 1,
 'scheduler/dequeued': 1,
 'scheduler/dequeued/memory': 1,
 'scheduler/enqueued': 1,
 'scheduler/enqueued/memory': 1,
 'start_time': datetime.datetime(2019, 12, 28, 8, 29, 33, 165639)}
2019-12-28 16:29:33 [scrapy.core.engine] INFO: Spider closed (finished)
2019-12-28 16:29:46 [scrapy.utils.log] INFO: Scrapy 1.8.0 started (bot: myscrapy)
2019-12-28 16:29:46 [scrapy.utils.log] INFO: Versions: lxml 4.4.2.0, libxml2 2.9.5, cssselect 1.1.0, parsel 1.5.2, w3lib 1.21.0, Twisted 19.10.0, Python 3.7.4 (tags/v3.7.4:e09359112e, Jul  8 2019, 20:34:20) [MSC v.1916 64 bit (AMD64)], pyOpenSSL 19.1.0 (OpenSSL 1.1.1d  10 Sep 2019), cryptography 2.8, Platform Windows-10-10.0.18362-SP0
2019-12-28 16:29:46 [scrapy.crawler] INFO: Overridden settings: {'BOT_NAME': 'myscrapy', 'LOG_FILE': './log.log', 'NEWSPIDER_MODULE': 'myscrapy.spiders', 'ROBOTSTXT_OBEY': True, 'SPIDER_MODULES': ['myscrapy.spiders']}
2019-12-28 16:29:46 [scrapy.extensions.telnet] INFO: Telnet Password: 58a7dd7095e53901
2019-12-28 16:29:46 [scrapy.middleware] INFO: Enabled extensions:
['scrapy.extensions.corestats.CoreStats',
 'scrapy.extensions.telnet.TelnetConsole',
 'scrapy.extensions.logstats.LogStats']
2019-12-28 16:29:46 [scrapy.middleware] INFO: Enabled downloader middlewares:
['scrapy.downloadermiddlewares.robotstxt.RobotsTxtMiddleware',
 'scrapy.downloadermiddlewares.httpauth.HttpAuthMiddleware',
 'scrapy.downloadermiddlewares.downloadtimeout.DownloadTimeoutMiddleware',
 'scrapy.downloadermiddlewares.defaultheaders.DefaultHeadersMiddleware',
 'scrapy.downloadermiddlewares.useragent.UserAgentMiddleware',
 'scrapy.downloadermiddlewares.retry.RetryMiddleware',
 'scrapy.downloadermiddlewares.redirect.MetaRefreshMiddleware',
 'scrapy.downloadermiddlewares.httpcompression.HttpCompressionMiddleware',
 'scrapy.downloadermiddlewares.redirect.RedirectMiddleware',
 'scrapy.downloadermiddlewares.cookies.CookiesMiddleware',
 'scrapy.downloadermiddlewares.httpproxy.HttpProxyMiddleware',
 'scrapy.downloadermiddlewares.stats.DownloaderStats']
2019-12-28 16:29:46 [scrapy.middleware] INFO: Enabled spider middlewares:
['scrapy.spidermiddlewares.httperror.HttpErrorMiddleware',
 'scrapy.spidermiddlewares.offsite.OffsiteMiddleware',
 'scrapy.spidermiddlewares.referer.RefererMiddleware',
 'scrapy.spidermiddlewares.urllength.UrlLengthMiddleware',
 'scrapy.spidermiddlewares.depth.DepthMiddleware']
2019-12-28 16:29:46 [scrapy.middleware] INFO: Enabled item pipelines:
[]
2019-12-28 16:29:46 [scrapy.core.engine] INFO: Spider opened
2019-12-28 16:29:46 [scrapy.extensions.logstats] INFO: Crawled 0 pages (at 0 pages/min), scraped 0 items (at 0 items/min)
2019-12-28 16:29:46 [scrapy.extensions.telnet] INFO: Telnet console listening on 127.0.0.1:6023
2019-12-28 16:29:46 [scrapy.core.engine] DEBUG: Crawled (200) <GET http://datachart.500.com/robots.txt> (referer: None)
2019-12-28 16:29:46 [scrapy.downloadermiddlewares.robotstxt] DEBUG: Forbidden by robots.txt: <GET http://datachart.500.com/dlt/?expect=all&from=19100&to=19110>
2019-12-28 16:29:46 [scrapy.core.engine] INFO: Closing spider (finished)
2019-12-28 16:29:46 [scrapy.statscollectors] INFO: Dumping Scrapy stats:
{'downloader/exception_count': 1,
 'downloader/exception_type_count/scrapy.exceptions.IgnoreRequest': 1,
 'downloader/request_bytes': 226,
 'downloader/request_count': 1,
 'downloader/request_method_count/GET': 1,
 'downloader/response_bytes': 1058,
 'downloader/response_count': 1,
 'downloader/response_status_count/200': 1,
 'elapsed_time_seconds': 0.287234,
 'finish_reason': 'finished',
 'finish_time': datetime.datetime(2019, 12, 28, 8, 29, 46, 884359),
 'log_count/DEBUG': 2,
 'log_count/INFO': 10,
 'response_received_count': 1,
 'robotstxt/forbidden': 1,
 'robotstxt/request_count': 1,
 'robotstxt/response_count': 1,
 'robotstxt/response_status_count/200': 1,
 'scheduler/dequeued': 1,
 'scheduler/dequeued/memory': 1,
 'scheduler/enqueued': 1,
 'scheduler/enqueued/memory': 1,
 'start_time': datetime.datetime(2019, 12, 28, 8, 29, 46, 597125)}
2019-12-28 16:29:46 [scrapy.core.engine] INFO: Spider closed (finished)
2019-12-28 16:30:21 [scrapy.utils.log] INFO: Scrapy 1.8.0 started (bot: myscrapy)
2019-12-28 16:30:21 [scrapy.utils.log] INFO: Versions: lxml 4.4.2.0, libxml2 2.9.5, cssselect 1.1.0, parsel 1.5.2, w3lib 1.21.0, Twisted 19.10.0, Python 3.7.4 (tags/v3.7.4:e09359112e, Jul  8 2019, 20:34:20) [MSC v.1916 64 bit (AMD64)], pyOpenSSL 19.1.0 (OpenSSL 1.1.1d  10 Sep 2019), cryptography 2.8, Platform Windows-10-10.0.18362-SP0
2019-12-28 16:30:21 [scrapy.crawler] INFO: Overridden settings: {'BOT_NAME': 'myscrapy', 'LOG_FILE': './log.log', 'NEWSPIDER_MODULE': 'myscrapy.spiders', 'ROBOTSTXT_OBEY': True, 'SPIDER_MODULES': ['myscrapy.spiders']}
2019-12-28 16:30:21 [scrapy.extensions.telnet] INFO: Telnet Password: 60af6c5f81c1bd6d
2019-12-28 16:30:21 [scrapy.middleware] INFO: Enabled extensions:
['scrapy.extensions.corestats.CoreStats',
 'scrapy.extensions.telnet.TelnetConsole',
 'scrapy.extensions.logstats.LogStats']
2019-12-28 16:30:21 [scrapy.middleware] INFO: Enabled downloader middlewares:
['scrapy.downloadermiddlewares.robotstxt.RobotsTxtMiddleware',
 'scrapy.downloadermiddlewares.httpauth.HttpAuthMiddleware',
 'scrapy.downloadermiddlewares.downloadtimeout.DownloadTimeoutMiddleware',
 'scrapy.downloadermiddlewares.defaultheaders.DefaultHeadersMiddleware',
 'scrapy.downloadermiddlewares.useragent.UserAgentMiddleware',
 'scrapy.downloadermiddlewares.retry.RetryMiddleware',
 'scrapy.downloadermiddlewares.redirect.MetaRefreshMiddleware',
 'scrapy.downloadermiddlewares.httpcompression.HttpCompressionMiddleware',
 'scrapy.downloadermiddlewares.redirect.RedirectMiddleware',
 'scrapy.downloadermiddlewares.cookies.CookiesMiddleware',
 'scrapy.downloadermiddlewares.httpproxy.HttpProxyMiddleware',
 'scrapy.downloadermiddlewares.stats.DownloaderStats']
2019-12-28 16:30:21 [scrapy.middleware] INFO: Enabled spider middlewares:
['scrapy.spidermiddlewares.httperror.HttpErrorMiddleware',
 'scrapy.spidermiddlewares.offsite.OffsiteMiddleware',
 'scrapy.spidermiddlewares.referer.RefererMiddleware',
 'scrapy.spidermiddlewares.urllength.UrlLengthMiddleware',
 'scrapy.spidermiddlewares.depth.DepthMiddleware']
2019-12-28 16:30:21 [scrapy.middleware] INFO: Enabled item pipelines:
[]
2019-12-28 16:30:21 [scrapy.core.engine] INFO: Spider opened
2019-12-28 16:30:21 [scrapy.extensions.logstats] INFO: Crawled 0 pages (at 0 pages/min), scraped 0 items (at 0 items/min)
2019-12-28 16:30:21 [scrapy.extensions.telnet] INFO: Telnet console listening on 127.0.0.1:6023
2019-12-28 16:30:21 [scrapy.core.engine] DEBUG: Crawled (200) <GET http://datachart.500.com/robots.txt> (referer: None)
2019-12-28 16:30:22 [scrapy.core.engine] DEBUG: Crawled (200) <GET http://datachart.500.com/dlt/> (referer: None)
2019-12-28 16:30:22 [scrapy.downloadermiddlewares.robotstxt] DEBUG: Forbidden by robots.txt: <GET http://datachart.500.com/dlt/?expect=all&from=19111&to=19121>
2019-12-28 16:30:22 [scrapy.core.engine] INFO: Closing spider (finished)
2019-12-28 16:30:22 [scrapy.statscollectors] INFO: Dumping Scrapy stats:
{'downloader/exception_count': 1,
 'downloader/exception_type_count/scrapy.exceptions.IgnoreRequest': 1,
 'downloader/request_bytes': 446,
 'downloader/request_count': 2,
 'downloader/request_method_count/GET': 2,
 'downloader/response_bytes': 25297,
 'downloader/response_count': 2,
 'downloader/response_status_count/200': 2,
 'elapsed_time_seconds': 0.558337,
 'finish_reason': 'finished',
 'finish_time': datetime.datetime(2019, 12, 28, 8, 30, 22, 384186),
 'log_count/DEBUG': 3,
 'log_count/INFO': 10,
 'request_depth_max': 1,
 'response_received_count': 2,
 'robotstxt/forbidden': 1,
 'robotstxt/request_count': 1,
 'robotstxt/response_count': 1,
 'robotstxt/response_status_count/200': 1,
 'scheduler/dequeued': 2,
 'scheduler/dequeued/memory': 2,
 'scheduler/enqueued': 2,
 'scheduler/enqueued/memory': 2,
 'start_time': datetime.datetime(2019, 12, 28, 8, 30, 21, 825849)}
2019-12-28 16:30:22 [scrapy.core.engine] INFO: Spider closed (finished)
2019-12-28 16:32:49 [scrapy.utils.log] INFO: Scrapy 1.8.0 started (bot: myscrapy)
2019-12-28 16:32:49 [scrapy.utils.log] INFO: Versions: lxml 4.4.2.0, libxml2 2.9.5, cssselect 1.1.0, parsel 1.5.2, w3lib 1.21.0, Twisted 19.10.0, Python 3.7.4 (tags/v3.7.4:e09359112e, Jul  8 2019, 20:34:20) [MSC v.1916 64 bit (AMD64)], pyOpenSSL 19.1.0 (OpenSSL 1.1.1d  10 Sep 2019), cryptography 2.8, Platform Windows-10-10.0.18362-SP0
2019-12-28 16:32:49 [scrapy.crawler] INFO: Overridden settings: {'BOT_NAME': 'myscrapy', 'LOG_FILE': './log.log', 'NEWSPIDER_MODULE': 'myscrapy.spiders', 'ROBOTSTXT_OBEY': True, 'SPIDER_MODULES': ['myscrapy.spiders']}
2019-12-28 16:32:49 [scrapy.extensions.telnet] INFO: Telnet Password: d8a7c5dea42d0f41
2019-12-28 16:32:49 [scrapy.middleware] INFO: Enabled extensions:
['scrapy.extensions.corestats.CoreStats',
 'scrapy.extensions.telnet.TelnetConsole',
 'scrapy.extensions.logstats.LogStats']
2019-12-28 16:32:50 [scrapy.middleware] INFO: Enabled downloader middlewares:
['scrapy.downloadermiddlewares.robotstxt.RobotsTxtMiddleware',
 'scrapy.downloadermiddlewares.httpauth.HttpAuthMiddleware',
 'scrapy.downloadermiddlewares.downloadtimeout.DownloadTimeoutMiddleware',
 'scrapy.downloadermiddlewares.defaultheaders.DefaultHeadersMiddleware',
 'scrapy.downloadermiddlewares.useragent.UserAgentMiddleware',
 'scrapy.downloadermiddlewares.retry.RetryMiddleware',
 'scrapy.downloadermiddlewares.redirect.MetaRefreshMiddleware',
 'scrapy.downloadermiddlewares.httpcompression.HttpCompressionMiddleware',
 'scrapy.downloadermiddlewares.redirect.RedirectMiddleware',
 'scrapy.downloadermiddlewares.cookies.CookiesMiddleware',
 'scrapy.downloadermiddlewares.httpproxy.HttpProxyMiddleware',
 'scrapy.downloadermiddlewares.stats.DownloaderStats']
2019-12-28 16:32:50 [scrapy.middleware] INFO: Enabled spider middlewares:
['scrapy.spidermiddlewares.httperror.HttpErrorMiddleware',
 'scrapy.spidermiddlewares.offsite.OffsiteMiddleware',
 'scrapy.spidermiddlewares.referer.RefererMiddleware',
 'scrapy.spidermiddlewares.urllength.UrlLengthMiddleware',
 'scrapy.spidermiddlewares.depth.DepthMiddleware']
2019-12-28 16:32:50 [scrapy.middleware] INFO: Enabled item pipelines:
[]
2019-12-28 16:32:50 [scrapy.core.engine] INFO: Spider opened
2019-12-28 16:32:50 [scrapy.extensions.logstats] INFO: Crawled 0 pages (at 0 pages/min), scraped 0 items (at 0 items/min)
2019-12-28 16:32:50 [scrapy.extensions.telnet] INFO: Telnet console listening on 127.0.0.1:6023
2019-12-28 16:32:54 [scrapy.core.engine] DEBUG: Crawled (200) <GET http://datachart.500.com/robots.txt> (referer: None)
2019-12-28 16:32:54 [scrapy.downloadermiddlewares.robotstxt] DEBUG: Forbidden by robots.txt: <GET http://datachart.500.com/dlt/?expect=all&from=19100&to=19110>
2019-12-28 16:32:54 [scrapy.core.engine] INFO: Closing spider (finished)
2019-12-28 16:32:54 [scrapy.statscollectors] INFO: Dumping Scrapy stats:
{'downloader/exception_count': 1,
 'downloader/exception_type_count/scrapy.exceptions.IgnoreRequest': 1,
 'downloader/request_bytes': 226,
 'downloader/request_count': 1,
 'downloader/request_method_count/GET': 1,
 'downloader/response_bytes': 1058,
 'downloader/response_count': 1,
 'downloader/response_status_count/200': 1,
 'elapsed_time_seconds': 4.280166,
 'finish_reason': 'finished',
 'finish_time': datetime.datetime(2019, 12, 28, 8, 32, 54, 315316),
 'log_count/DEBUG': 2,
 'log_count/INFO': 10,
 'response_received_count': 1,
 'robotstxt/forbidden': 1,
 'robotstxt/request_count': 1,
 'robotstxt/response_count': 1,
 'robotstxt/response_status_count/200': 1,
 'scheduler/dequeued': 1,
 'scheduler/dequeued/memory': 1,
 'scheduler/enqueued': 1,
 'scheduler/enqueued/memory': 1,
 'start_time': datetime.datetime(2019, 12, 28, 8, 32, 50, 35150)}
2019-12-28 16:32:54 [scrapy.core.engine] INFO: Spider closed (finished)
2019-12-28 16:33:31 [scrapy.utils.log] INFO: Scrapy 1.8.0 started (bot: myscrapy)
2019-12-28 16:33:31 [scrapy.utils.log] INFO: Versions: lxml 4.4.2.0, libxml2 2.9.5, cssselect 1.1.0, parsel 1.5.2, w3lib 1.21.0, Twisted 19.10.0, Python 3.7.4 (tags/v3.7.4:e09359112e, Jul  8 2019, 20:34:20) [MSC v.1916 64 bit (AMD64)], pyOpenSSL 19.1.0 (OpenSSL 1.1.1d  10 Sep 2019), cryptography 2.8, Platform Windows-10-10.0.18362-SP0
2019-12-28 16:33:31 [scrapy.crawler] INFO: Overridden settings: {'BOT_NAME': 'myscrapy', 'LOG_FILE': './log.log', 'NEWSPIDER_MODULE': 'myscrapy.spiders', 'ROBOTSTXT_OBEY': True, 'SPIDER_MODULES': ['myscrapy.spiders']}
2019-12-28 16:33:31 [scrapy.extensions.telnet] INFO: Telnet Password: dac4f45b23517156
2019-12-28 16:33:31 [scrapy.middleware] INFO: Enabled extensions:
['scrapy.extensions.corestats.CoreStats',
 'scrapy.extensions.telnet.TelnetConsole',
 'scrapy.extensions.logstats.LogStats']
2019-12-28 16:33:31 [scrapy.middleware] INFO: Enabled downloader middlewares:
['scrapy.downloadermiddlewares.robotstxt.RobotsTxtMiddleware',
 'scrapy.downloadermiddlewares.httpauth.HttpAuthMiddleware',
 'scrapy.downloadermiddlewares.downloadtimeout.DownloadTimeoutMiddleware',
 'scrapy.downloadermiddlewares.defaultheaders.DefaultHeadersMiddleware',
 'scrapy.downloadermiddlewares.useragent.UserAgentMiddleware',
 'scrapy.downloadermiddlewares.retry.RetryMiddleware',
 'scrapy.downloadermiddlewares.redirect.MetaRefreshMiddleware',
 'scrapy.downloadermiddlewares.httpcompression.HttpCompressionMiddleware',
 'scrapy.downloadermiddlewares.redirect.RedirectMiddleware',
 'scrapy.downloadermiddlewares.cookies.CookiesMiddleware',
 'scrapy.downloadermiddlewares.httpproxy.HttpProxyMiddleware',
 'scrapy.downloadermiddlewares.stats.DownloaderStats']
2019-12-28 16:33:31 [scrapy.middleware] INFO: Enabled spider middlewares:
['scrapy.spidermiddlewares.httperror.HttpErrorMiddleware',
 'scrapy.spidermiddlewares.offsite.OffsiteMiddleware',
 'scrapy.spidermiddlewares.referer.RefererMiddleware',
 'scrapy.spidermiddlewares.urllength.UrlLengthMiddleware',
 'scrapy.spidermiddlewares.depth.DepthMiddleware']
2019-12-28 16:33:31 [scrapy.middleware] INFO: Enabled item pipelines:
[]
2019-12-28 16:33:31 [scrapy.core.engine] INFO: Spider opened
2019-12-28 16:33:31 [scrapy.extensions.logstats] INFO: Crawled 0 pages (at 0 pages/min), scraped 0 items (at 0 items/min)
2019-12-28 16:33:31 [scrapy.extensions.telnet] INFO: Telnet console listening on 127.0.0.1:6023
2019-12-28 16:33:31 [scrapy.core.engine] DEBUG: Crawled (200) <GET http://datachart.500.com/robots.txt> (referer: None)
2019-12-28 16:33:31 [scrapy.downloadermiddlewares.robotstxt] DEBUG: Forbidden by robots.txt: <GET http://datachart.500.com/dlt/?expect=all&from=19100&to=19110>
2019-12-28 16:33:31 [scrapy.core.engine] INFO: Closing spider (finished)
2019-12-28 16:33:31 [scrapy.statscollectors] INFO: Dumping Scrapy stats:
{'downloader/exception_count': 1,
 'downloader/exception_type_count/scrapy.exceptions.IgnoreRequest': 1,
 'downloader/request_bytes': 226,
 'downloader/request_count': 1,
 'downloader/request_method_count/GET': 1,
 'downloader/response_bytes': 1058,
 'downloader/response_count': 1,
 'downloader/response_status_count/200': 1,
 'elapsed_time_seconds': 0.285942,
 'finish_reason': 'finished',
 'finish_time': datetime.datetime(2019, 12, 28, 8, 33, 31, 974229),
 'log_count/DEBUG': 2,
 'log_count/INFO': 10,
 'response_received_count': 1,
 'robotstxt/forbidden': 1,
 'robotstxt/request_count': 1,
 'robotstxt/response_count': 1,
 'robotstxt/response_status_count/200': 1,
 'scheduler/dequeued': 1,
 'scheduler/dequeued/memory': 1,
 'scheduler/enqueued': 1,
 'scheduler/enqueued/memory': 1,
 'start_time': datetime.datetime(2019, 12, 28, 8, 33, 31, 688287)}
2019-12-28 16:33:31 [scrapy.core.engine] INFO: Spider closed (finished)
2019-12-28 16:34:30 [scrapy.utils.log] INFO: Scrapy 1.8.0 started (bot: myscrapy)
2019-12-28 16:34:30 [scrapy.utils.log] INFO: Versions: lxml 4.4.2.0, libxml2 2.9.5, cssselect 1.1.0, parsel 1.5.2, w3lib 1.21.0, Twisted 19.10.0, Python 3.7.4 (tags/v3.7.4:e09359112e, Jul  8 2019, 20:34:20) [MSC v.1916 64 bit (AMD64)], pyOpenSSL 19.1.0 (OpenSSL 1.1.1d  10 Sep 2019), cryptography 2.8, Platform Windows-10-10.0.18362-SP0
2019-12-28 16:34:30 [scrapy.crawler] INFO: Overridden settings: {'BOT_NAME': 'myscrapy', 'LOG_FILE': './log.log', 'NEWSPIDER_MODULE': 'myscrapy.spiders', 'ROBOTSTXT_OBEY': True, 'SPIDER_MODULES': ['myscrapy.spiders']}
2019-12-28 16:34:30 [scrapy.extensions.telnet] INFO: Telnet Password: 77c4c7bf80752326
2019-12-28 16:34:30 [scrapy.middleware] INFO: Enabled extensions:
['scrapy.extensions.corestats.CoreStats',
 'scrapy.extensions.telnet.TelnetConsole',
 'scrapy.extensions.logstats.LogStats']
2019-12-28 16:34:31 [scrapy.middleware] INFO: Enabled downloader middlewares:
['scrapy.downloadermiddlewares.robotstxt.RobotsTxtMiddleware',
 'scrapy.downloadermiddlewares.httpauth.HttpAuthMiddleware',
 'scrapy.downloadermiddlewares.downloadtimeout.DownloadTimeoutMiddleware',
 'scrapy.downloadermiddlewares.defaultheaders.DefaultHeadersMiddleware',
 'scrapy.downloadermiddlewares.useragent.UserAgentMiddleware',
 'scrapy.downloadermiddlewares.retry.RetryMiddleware',
 'scrapy.downloadermiddlewares.redirect.MetaRefreshMiddleware',
 'scrapy.downloadermiddlewares.httpcompression.HttpCompressionMiddleware',
 'scrapy.downloadermiddlewares.redirect.RedirectMiddleware',
 'scrapy.downloadermiddlewares.cookies.CookiesMiddleware',
 'scrapy.downloadermiddlewares.httpproxy.HttpProxyMiddleware',
 'scrapy.downloadermiddlewares.stats.DownloaderStats']
2019-12-28 16:34:31 [scrapy.middleware] INFO: Enabled spider middlewares:
['scrapy.spidermiddlewares.httperror.HttpErrorMiddleware',
 'scrapy.spidermiddlewares.offsite.OffsiteMiddleware',
 'scrapy.spidermiddlewares.referer.RefererMiddleware',
 'scrapy.spidermiddlewares.urllength.UrlLengthMiddleware',
 'scrapy.spidermiddlewares.depth.DepthMiddleware']
2019-12-28 16:34:31 [scrapy.middleware] INFO: Enabled item pipelines:
[]
2019-12-28 16:34:31 [scrapy.core.engine] INFO: Spider opened
2019-12-28 16:34:31 [scrapy.extensions.logstats] INFO: Crawled 0 pages (at 0 pages/min), scraped 0 items (at 0 items/min)
2019-12-28 16:34:31 [scrapy.extensions.telnet] INFO: Telnet console listening on 127.0.0.1:6023
2019-12-28 16:34:31 [scrapy.core.engine] DEBUG: Crawled (200) <GET http://datachart.500.com/robots.txt> (referer: None)
2019-12-28 16:34:31 [scrapy.downloadermiddlewares.robotstxt] DEBUG: Forbidden by robots.txt: <GET http://datachart.500.com/dlt/?expect=all&from=19100&to=19110>
2019-12-28 16:34:31 [scrapy.core.engine] INFO: Closing spider (finished)
2019-12-28 16:34:31 [scrapy.statscollectors] INFO: Dumping Scrapy stats:
{'downloader/exception_count': 1,
 'downloader/exception_type_count/scrapy.exceptions.IgnoreRequest': 1,
 'downloader/request_bytes': 226,
 'downloader/request_count': 1,
 'downloader/request_method_count/GET': 1,
 'downloader/response_bytes': 1058,
 'downloader/response_count': 1,
 'downloader/response_status_count/200': 1,
 'elapsed_time_seconds': 0.291308,
 'finish_reason': 'finished',
 'finish_time': datetime.datetime(2019, 12, 28, 8, 34, 31, 460814),
 'log_count/DEBUG': 2,
 'log_count/INFO': 10,
 'response_received_count': 1,
 'robotstxt/forbidden': 1,
 'robotstxt/request_count': 1,
 'robotstxt/response_count': 1,
 'robotstxt/response_status_count/200': 1,
 'scheduler/dequeued': 1,
 'scheduler/dequeued/memory': 1,
 'scheduler/enqueued': 1,
 'scheduler/enqueued/memory': 1,
 'start_time': datetime.datetime(2019, 12, 28, 8, 34, 31, 169506)}
2019-12-28 16:34:31 [scrapy.core.engine] INFO: Spider closed (finished)
