2019-12-28 16:42:11 [scrapy.utils.log] INFO: Scrapy 1.8.0 started (bot: myscrapy)
2019-12-28 16:42:11 [scrapy.utils.log] INFO: Versions: lxml 4.4.2.0, libxml2 2.9.5, cssselect 1.1.0, parsel 1.5.2, w3lib 1.21.0, Twisted 19.10.0, Python 3.7.4 (tags/v3.7.4:e09359112e, Jul  8 2019, 20:34:20) [MSC v.1916 64 bit (AMD64)], pyOpenSSL 19.1.0 (OpenSSL 1.1.1d  10 Sep 2019), cryptography 2.8, Platform Windows-10-10.0.18362-SP0
2019-12-28 16:42:11 [scrapy.crawler] INFO: Overridden settings: {'BOT_NAME': 'myscrapy', 'LOG_FILE': './log.log', 'NEWSPIDER_MODULE': 'myscrapy.spiders', 'ROBOTSTXT_OBEY': True, 'SPIDER_MODULES': ['myscrapy.spiders']}
2019-12-28 16:42:11 [scrapy.extensions.telnet] INFO: Telnet Password: 1ad46736ed7558f5
2019-12-28 16:42:11 [scrapy.middleware] INFO: Enabled extensions:
['scrapy.extensions.corestats.CoreStats',
 'scrapy.extensions.telnet.TelnetConsole',
 'scrapy.extensions.logstats.LogStats']
2019-12-28 16:42:11 [scrapy.middleware] INFO: Enabled downloader middlewares:
['scrapy.downloadermiddlewares.robotstxt.RobotsTxtMiddleware',
 'scrapy.downloadermiddlewares.httpauth.HttpAuthMiddleware',
 'scrapy.downloadermiddlewares.downloadtimeout.DownloadTimeoutMiddleware',
 'scrapy.downloadermiddlewares.defaultheaders.DefaultHeadersMiddleware',
 'scrapy.downloadermiddlewares.useragent.UserAgentMiddleware',
 'scrapy.downloadermiddlewares.retry.RetryMiddleware',
 'scrapy.downloadermiddlewares.redirect.MetaRefreshMiddleware',
 'scrapy.downloadermiddlewares.httpcompression.HttpCompressionMiddleware',
 'scrapy.downloadermiddlewares.redirect.RedirectMiddleware',
 'scrapy.downloadermiddlewares.cookies.CookiesMiddleware',
 'scrapy.downloadermiddlewares.httpproxy.HttpProxyMiddleware',
 'scrapy.downloadermiddlewares.stats.DownloaderStats']
2019-12-28 16:42:11 [scrapy.middleware] INFO: Enabled spider middlewares:
['scrapy.spidermiddlewares.httperror.HttpErrorMiddleware',
 'scrapy.spidermiddlewares.offsite.OffsiteMiddleware',
 'scrapy.spidermiddlewares.referer.RefererMiddleware',
 'scrapy.spidermiddlewares.urllength.UrlLengthMiddleware',
 'scrapy.spidermiddlewares.depth.DepthMiddleware']
2019-12-28 16:42:11 [scrapy.middleware] INFO: Enabled item pipelines:
[]
2019-12-28 16:42:11 [scrapy.core.engine] INFO: Spider opened
2019-12-28 16:42:11 [scrapy.extensions.logstats] INFO: Crawled 0 pages (at 0 pages/min), scraped 0 items (at 0 items/min)
2019-12-28 16:42:11 [scrapy.extensions.telnet] INFO: Telnet console listening on 127.0.0.1:6023
2019-12-28 16:42:11 [scrapy.core.engine] DEBUG: Crawled (200) <GET http://datachart.500.com/robots.txt> (referer: None)
2019-12-28 16:42:11 [scrapy.downloadermiddlewares.robotstxt] DEBUG: Forbidden by robots.txt: <GET http://datachart.500.com/dlt/?expect=all&from=19100&to=19110>
2019-12-28 16:42:11 [scrapy.core.engine] INFO: Closing spider (finished)
2019-12-28 16:42:11 [scrapy.statscollectors] INFO: Dumping Scrapy stats:
{'downloader/exception_count': 1,
 'downloader/exception_type_count/scrapy.exceptions.IgnoreRequest': 1,
 'downloader/request_bytes': 226,
 'downloader/request_count': 1,
 'downloader/request_method_count/GET': 1,
 'downloader/response_bytes': 1058,
 'downloader/response_count': 1,
 'downloader/response_status_count/200': 1,
 'elapsed_time_seconds': 0.283802,
 'finish_reason': 'finished',
 'finish_time': datetime.datetime(2019, 12, 28, 8, 42, 11, 730778),
 'log_count/DEBUG': 2,
 'log_count/INFO': 10,
 'response_received_count': 1,
 'robotstxt/forbidden': 1,
 'robotstxt/request_count': 1,
 'robotstxt/response_count': 1,
 'robotstxt/response_status_count/200': 1,
 'scheduler/dequeued': 1,
 'scheduler/dequeued/memory': 1,
 'scheduler/enqueued': 1,
 'scheduler/enqueued/memory': 1,
 'start_time': datetime.datetime(2019, 12, 28, 8, 42, 11, 446976)}
2019-12-28 16:42:11 [scrapy.core.engine] INFO: Spider closed (finished)
2019-12-28 16:42:38 [scrapy.utils.log] INFO: Scrapy 1.8.0 started (bot: myscrapy)
2019-12-28 16:42:38 [scrapy.utils.log] INFO: Versions: lxml 4.4.2.0, libxml2 2.9.5, cssselect 1.1.0, parsel 1.5.2, w3lib 1.21.0, Twisted 19.10.0, Python 3.7.4 (tags/v3.7.4:e09359112e, Jul  8 2019, 20:34:20) [MSC v.1916 64 bit (AMD64)], pyOpenSSL 19.1.0 (OpenSSL 1.1.1d  10 Sep 2019), cryptography 2.8, Platform Windows-10-10.0.18362-SP0
2019-12-28 16:42:38 [scrapy.crawler] INFO: Overridden settings: {'BOT_NAME': 'myscrapy', 'LOG_FILE': './log.log', 'NEWSPIDER_MODULE': 'myscrapy.spiders', 'ROBOTSTXT_OBEY': True, 'SPIDER_MODULES': ['myscrapy.spiders']}
2019-12-28 16:42:38 [scrapy.extensions.telnet] INFO: Telnet Password: e1655154c6f3e824
2019-12-28 16:42:38 [scrapy.middleware] INFO: Enabled extensions:
['scrapy.extensions.corestats.CoreStats',
 'scrapy.extensions.telnet.TelnetConsole',
 'scrapy.extensions.logstats.LogStats']
2019-12-28 16:42:38 [scrapy.middleware] INFO: Enabled downloader middlewares:
['scrapy.downloadermiddlewares.robotstxt.RobotsTxtMiddleware',
 'scrapy.downloadermiddlewares.httpauth.HttpAuthMiddleware',
 'scrapy.downloadermiddlewares.downloadtimeout.DownloadTimeoutMiddleware',
 'scrapy.downloadermiddlewares.defaultheaders.DefaultHeadersMiddleware',
 'scrapy.downloadermiddlewares.useragent.UserAgentMiddleware',
 'scrapy.downloadermiddlewares.retry.RetryMiddleware',
 'scrapy.downloadermiddlewares.redirect.MetaRefreshMiddleware',
 'scrapy.downloadermiddlewares.httpcompression.HttpCompressionMiddleware',
 'scrapy.downloadermiddlewares.redirect.RedirectMiddleware',
 'scrapy.downloadermiddlewares.cookies.CookiesMiddleware',
 'scrapy.downloadermiddlewares.httpproxy.HttpProxyMiddleware',
 'scrapy.downloadermiddlewares.stats.DownloaderStats']
2019-12-28 16:42:38 [scrapy.middleware] INFO: Enabled spider middlewares:
['scrapy.spidermiddlewares.httperror.HttpErrorMiddleware',
 'scrapy.spidermiddlewares.offsite.OffsiteMiddleware',
 'scrapy.spidermiddlewares.referer.RefererMiddleware',
 'scrapy.spidermiddlewares.urllength.UrlLengthMiddleware',
 'scrapy.spidermiddlewares.depth.DepthMiddleware']
2019-12-28 16:42:38 [scrapy.middleware] INFO: Enabled item pipelines:
[]
2019-12-28 16:42:38 [scrapy.core.engine] INFO: Spider opened
2019-12-28 16:42:38 [scrapy.extensions.logstats] INFO: Crawled 0 pages (at 0 pages/min), scraped 0 items (at 0 items/min)
2019-12-28 16:42:38 [scrapy.extensions.telnet] INFO: Telnet console listening on 127.0.0.1:6023
2019-12-28 16:42:38 [scrapy.core.engine] DEBUG: Crawled (200) <GET http://datachart.500.com/robots.txt> (referer: None)
2019-12-28 16:42:38 [scrapy.downloadermiddlewares.robotstxt] DEBUG: Forbidden by robots.txt: <GET http://datachart.500.com/dlt/?expect=all&from=19100&to=19110>
2019-12-28 16:42:38 [scrapy.core.engine] INFO: Closing spider (finished)
2019-12-28 16:42:38 [scrapy.statscollectors] INFO: Dumping Scrapy stats:
{'downloader/exception_count': 1,
 'downloader/exception_type_count/scrapy.exceptions.IgnoreRequest': 1,
 'downloader/request_bytes': 226,
 'downloader/request_count': 1,
 'downloader/request_method_count/GET': 1,
 'downloader/response_bytes': 1058,
 'downloader/response_count': 1,
 'downloader/response_status_count/200': 1,
 'elapsed_time_seconds': 0.286623,
 'finish_reason': 'finished',
 'finish_time': datetime.datetime(2019, 12, 28, 8, 42, 38, 707652),
 'log_count/DEBUG': 2,
 'log_count/INFO': 10,
 'response_received_count': 1,
 'robotstxt/forbidden': 1,
 'robotstxt/request_count': 1,
 'robotstxt/response_count': 1,
 'robotstxt/response_status_count/200': 1,
 'scheduler/dequeued': 1,
 'scheduler/dequeued/memory': 1,
 'scheduler/enqueued': 1,
 'scheduler/enqueued/memory': 1,
 'start_time': datetime.datetime(2019, 12, 28, 8, 42, 38, 421029)}
2019-12-28 16:42:38 [scrapy.core.engine] INFO: Spider closed (finished)
2019-12-28 16:46:18 [scrapy.utils.log] INFO: Scrapy 1.8.0 started (bot: myscrapy)
2019-12-28 16:46:18 [scrapy.utils.log] INFO: Versions: lxml 4.4.2.0, libxml2 2.9.5, cssselect 1.1.0, parsel 1.5.2, w3lib 1.21.0, Twisted 19.10.0, Python 3.7.4 (tags/v3.7.4:e09359112e, Jul  8 2019, 20:34:20) [MSC v.1916 64 bit (AMD64)], pyOpenSSL 19.1.0 (OpenSSL 1.1.1d  10 Sep 2019), cryptography 2.8, Platform Windows-10-10.0.18362-SP0
2019-12-28 16:46:18 [scrapy.crawler] INFO: Overridden settings: {'BOT_NAME': 'myscrapy', 'LOG_FILE': './log.log', 'NEWSPIDER_MODULE': 'myscrapy.spiders', 'SPIDER_MODULES': ['myscrapy.spiders']}
2019-12-28 16:46:18 [scrapy.extensions.telnet] INFO: Telnet Password: 0f019139c616ff7d
2019-12-28 16:46:18 [scrapy.middleware] INFO: Enabled extensions:
['scrapy.extensions.corestats.CoreStats',
 'scrapy.extensions.telnet.TelnetConsole',
 'scrapy.extensions.logstats.LogStats']
2019-12-28 16:46:18 [scrapy.middleware] INFO: Enabled downloader middlewares:
['scrapy.downloadermiddlewares.httpauth.HttpAuthMiddleware',
 'scrapy.downloadermiddlewares.downloadtimeout.DownloadTimeoutMiddleware',
 'scrapy.downloadermiddlewares.defaultheaders.DefaultHeadersMiddleware',
 'scrapy.downloadermiddlewares.useragent.UserAgentMiddleware',
 'scrapy.downloadermiddlewares.retry.RetryMiddleware',
 'scrapy.downloadermiddlewares.redirect.MetaRefreshMiddleware',
 'scrapy.downloadermiddlewares.httpcompression.HttpCompressionMiddleware',
 'scrapy.downloadermiddlewares.redirect.RedirectMiddleware',
 'scrapy.downloadermiddlewares.cookies.CookiesMiddleware',
 'scrapy.downloadermiddlewares.httpproxy.HttpProxyMiddleware',
 'scrapy.downloadermiddlewares.stats.DownloaderStats']
2019-12-28 16:46:18 [scrapy.middleware] INFO: Enabled spider middlewares:
['scrapy.spidermiddlewares.httperror.HttpErrorMiddleware',
 'scrapy.spidermiddlewares.offsite.OffsiteMiddleware',
 'scrapy.spidermiddlewares.referer.RefererMiddleware',
 'scrapy.spidermiddlewares.urllength.UrlLengthMiddleware',
 'scrapy.spidermiddlewares.depth.DepthMiddleware']
2019-12-28 16:46:18 [scrapy.middleware] INFO: Enabled item pipelines:
[]
2019-12-28 16:46:18 [scrapy.core.engine] INFO: Spider opened
2019-12-28 16:46:18 [scrapy.extensions.logstats] INFO: Crawled 0 pages (at 0 pages/min), scraped 0 items (at 0 items/min)
2019-12-28 16:46:18 [scrapy.extensions.telnet] INFO: Telnet console listening on 127.0.0.1:6023
2019-12-28 16:46:19 [scrapy.core.engine] DEBUG: Crawled (200) <GET http://datachart.500.com/dlt/?expect=all&from=19100&to=19110> (referer: None)
2019-12-28 16:46:19 [scrapy.core.engine] DEBUG: Crawled (200) <GET http://datachart.500.com/dlt/?expect=all&from=19111&to=19121> (referer: http://datachart.500.com/dlt/?expect=all&from=19100&to=19110)
2019-12-28 16:46:19 [scrapy.core.engine] DEBUG: Crawled (200) <GET http://datachart.500.com/dlt/?expect=all&from=19122&to=19132> (referer: http://datachart.500.com/dlt/?expect=all&from=19111&to=19121)
2019-12-28 16:46:20 [scrapy.core.engine] DEBUG: Crawled (200) <GET http://datachart.500.com/dlt/?expect=all&from=19133&to=19143> (referer: http://datachart.500.com/dlt/?expect=all&from=19122&to=19132)
2019-12-28 16:46:20 [scrapy.core.engine] DEBUG: Crawled (200) <GET http://datachart.500.com/dlt/?expect=all&from=19144&to=19154> (referer: http://datachart.500.com/dlt/?expect=all&from=19133&to=19143)
2019-12-28 16:46:20 [scrapy.core.engine] INFO: Closing spider (finished)
2019-12-28 16:46:20 [scrapy.statscollectors] INFO: Dumping Scrapy stats:
{'downloader/request_bytes': 1539,
 'downloader/request_count': 5,
 'downloader/request_method_count/GET': 5,
 'downloader/response_bytes': 121195,
 'downloader/response_count': 5,
 'downloader/response_status_count/200': 5,
 'elapsed_time_seconds': 1.635537,
 'finish_reason': 'finished',
 'finish_time': datetime.datetime(2019, 12, 28, 8, 46, 20, 516796),
 'log_count/DEBUG': 5,
 'log_count/INFO': 10,
 'request_depth_max': 4,
 'response_received_count': 5,
 'scheduler/dequeued': 5,
 'scheduler/dequeued/memory': 5,
 'scheduler/enqueued': 5,
 'scheduler/enqueued/memory': 5,
 'start_time': datetime.datetime(2019, 12, 28, 8, 46, 18, 881259)}
2019-12-28 16:46:20 [scrapy.core.engine] INFO: Spider closed (finished)
2019-12-28 16:55:31 [scrapy.utils.log] INFO: Scrapy 1.8.0 started (bot: myscrapy)
2019-12-28 16:55:31 [scrapy.utils.log] INFO: Versions: lxml 4.4.2.0, libxml2 2.9.5, cssselect 1.1.0, parsel 1.5.2, w3lib 1.21.0, Twisted 19.10.0, Python 3.7.4 (tags/v3.7.4:e09359112e, Jul  8 2019, 20:34:20) [MSC v.1916 64 bit (AMD64)], pyOpenSSL 19.1.0 (OpenSSL 1.1.1d  10 Sep 2019), cryptography 2.8, Platform Windows-10-10.0.18362-SP0
2019-12-28 16:55:31 [scrapy.crawler] INFO: Overridden settings: {'BOT_NAME': 'myscrapy', 'LOG_FILE': './log.log', 'NEWSPIDER_MODULE': 'myscrapy.spiders', 'SPIDER_MODULES': ['myscrapy.spiders']}
2019-12-28 16:55:31 [scrapy.extensions.telnet] INFO: Telnet Password: 13b2403413458c46
2019-12-28 16:55:31 [scrapy.middleware] INFO: Enabled extensions:
['scrapy.extensions.corestats.CoreStats',
 'scrapy.extensions.telnet.TelnetConsole',
 'scrapy.extensions.logstats.LogStats']
2019-12-28 16:55:31 [scrapy.middleware] INFO: Enabled downloader middlewares:
['scrapy.downloadermiddlewares.httpauth.HttpAuthMiddleware',
 'scrapy.downloadermiddlewares.downloadtimeout.DownloadTimeoutMiddleware',
 'scrapy.downloadermiddlewares.defaultheaders.DefaultHeadersMiddleware',
 'scrapy.downloadermiddlewares.useragent.UserAgentMiddleware',
 'scrapy.downloadermiddlewares.retry.RetryMiddleware',
 'scrapy.downloadermiddlewares.redirect.MetaRefreshMiddleware',
 'scrapy.downloadermiddlewares.httpcompression.HttpCompressionMiddleware',
 'scrapy.downloadermiddlewares.redirect.RedirectMiddleware',
 'scrapy.downloadermiddlewares.cookies.CookiesMiddleware',
 'scrapy.downloadermiddlewares.httpproxy.HttpProxyMiddleware',
 'scrapy.downloadermiddlewares.stats.DownloaderStats']
2019-12-28 16:55:31 [scrapy.middleware] INFO: Enabled spider middlewares:
['scrapy.spidermiddlewares.httperror.HttpErrorMiddleware',
 'scrapy.spidermiddlewares.offsite.OffsiteMiddleware',
 'scrapy.spidermiddlewares.referer.RefererMiddleware',
 'scrapy.spidermiddlewares.urllength.UrlLengthMiddleware',
 'scrapy.spidermiddlewares.depth.DepthMiddleware']
2019-12-28 16:55:31 [scrapy.middleware] INFO: Enabled item pipelines:
[]
2019-12-28 16:55:31 [scrapy.core.engine] INFO: Spider opened
2019-12-28 16:55:31 [scrapy.extensions.logstats] INFO: Crawled 0 pages (at 0 pages/min), scraped 0 items (at 0 items/min)
2019-12-28 16:55:31 [scrapy.extensions.telnet] INFO: Telnet console listening on 127.0.0.1:6023
2019-12-28 16:55:31 [scrapy.core.engine] DEBUG: Crawled (200) <GET http://datachart.500.com/dlt/?expect=all&from=19100&to=19110> (referer: None)
2019-12-28 16:55:32 [scrapy.core.engine] DEBUG: Crawled (200) <GET http://datachart.500.com/dlt/?expect=all&from=19111&to=19121> (referer: http://datachart.500.com/dlt/?expect=all&from=19100&to=19110)
2019-12-28 16:55:32 [scrapy.core.engine] DEBUG: Crawled (200) <GET http://datachart.500.com/dlt/?expect=all&from=19122&to=19132> (referer: http://datachart.500.com/dlt/?expect=all&from=19111&to=19121)
2019-12-28 16:55:33 [scrapy.core.engine] DEBUG: Crawled (200) <GET http://datachart.500.com/dlt/?expect=all&from=19133&to=19143> (referer: http://datachart.500.com/dlt/?expect=all&from=19122&to=19132)
2019-12-28 16:55:33 [scrapy.core.engine] DEBUG: Crawled (200) <GET http://datachart.500.com/dlt/?expect=all&from=19144&to=19154> (referer: http://datachart.500.com/dlt/?expect=all&from=19133&to=19143)
2019-12-28 16:55:33 [scrapy.core.engine] INFO: Closing spider (finished)
2019-12-28 16:55:33 [scrapy.statscollectors] INFO: Dumping Scrapy stats:
{'downloader/request_bytes': 1539,
 'downloader/request_count': 5,
 'downloader/request_method_count/GET': 5,
 'downloader/response_bytes': 121195,
 'downloader/response_count': 5,
 'downloader/response_status_count/200': 5,
 'elapsed_time_seconds': 2.199565,
 'finish_reason': 'finished',
 'finish_time': datetime.datetime(2019, 12, 28, 8, 55, 33, 725970),
 'log_count/DEBUG': 5,
 'log_count/INFO': 10,
 'request_depth_max': 4,
 'response_received_count': 5,
 'scheduler/dequeued': 5,
 'scheduler/dequeued/memory': 5,
 'scheduler/enqueued': 5,
 'scheduler/enqueued/memory': 5,
 'start_time': datetime.datetime(2019, 12, 28, 8, 55, 31, 526405)}
2019-12-28 16:55:33 [scrapy.core.engine] INFO: Spider closed (finished)
2019-12-28 16:56:59 [scrapy.utils.log] INFO: Scrapy 1.8.0 started (bot: myscrapy)
2019-12-28 16:56:59 [scrapy.utils.log] INFO: Versions: lxml 4.4.2.0, libxml2 2.9.5, cssselect 1.1.0, parsel 1.5.2, w3lib 1.21.0, Twisted 19.10.0, Python 3.7.4 (tags/v3.7.4:e09359112e, Jul  8 2019, 20:34:20) [MSC v.1916 64 bit (AMD64)], pyOpenSSL 19.1.0 (OpenSSL 1.1.1d  10 Sep 2019), cryptography 2.8, Platform Windows-10-10.0.18362-SP0
2019-12-28 16:56:59 [scrapy.crawler] INFO: Overridden settings: {'BOT_NAME': 'myscrapy', 'LOG_FILE': './log.log', 'NEWSPIDER_MODULE': 'myscrapy.spiders', 'SPIDER_MODULES': ['myscrapy.spiders']}
2019-12-28 16:56:59 [scrapy.extensions.telnet] INFO: Telnet Password: 34ed63f51baab72e
2019-12-28 16:56:59 [scrapy.middleware] INFO: Enabled extensions:
['scrapy.extensions.corestats.CoreStats',
 'scrapy.extensions.telnet.TelnetConsole',
 'scrapy.extensions.logstats.LogStats']
2019-12-28 16:56:59 [scrapy.middleware] INFO: Enabled downloader middlewares:
['scrapy.downloadermiddlewares.httpauth.HttpAuthMiddleware',
 'scrapy.downloadermiddlewares.downloadtimeout.DownloadTimeoutMiddleware',
 'scrapy.downloadermiddlewares.defaultheaders.DefaultHeadersMiddleware',
 'scrapy.downloadermiddlewares.useragent.UserAgentMiddleware',
 'scrapy.downloadermiddlewares.retry.RetryMiddleware',
 'scrapy.downloadermiddlewares.redirect.MetaRefreshMiddleware',
 'scrapy.downloadermiddlewares.httpcompression.HttpCompressionMiddleware',
 'scrapy.downloadermiddlewares.redirect.RedirectMiddleware',
 'scrapy.downloadermiddlewares.cookies.CookiesMiddleware',
 'scrapy.downloadermiddlewares.httpproxy.HttpProxyMiddleware',
 'scrapy.downloadermiddlewares.stats.DownloaderStats']
2019-12-28 16:56:59 [scrapy.middleware] INFO: Enabled spider middlewares:
['scrapy.spidermiddlewares.httperror.HttpErrorMiddleware',
 'scrapy.spidermiddlewares.offsite.OffsiteMiddleware',
 'scrapy.spidermiddlewares.referer.RefererMiddleware',
 'scrapy.spidermiddlewares.urllength.UrlLengthMiddleware',
 'scrapy.spidermiddlewares.depth.DepthMiddleware']
2019-12-28 16:56:59 [scrapy.middleware] INFO: Enabled item pipelines:
[]
2019-12-28 16:56:59 [scrapy.core.engine] INFO: Spider opened
2019-12-28 16:56:59 [scrapy.extensions.logstats] INFO: Crawled 0 pages (at 0 pages/min), scraped 0 items (at 0 items/min)
2019-12-28 16:56:59 [scrapy.extensions.telnet] INFO: Telnet console listening on 127.0.0.1:6023
2019-12-28 16:57:00 [scrapy.core.engine] DEBUG: Crawled (200) <GET http://datachart.500.com/dlt/?expect=all&from=19100&to=19110> (referer: None)
2019-12-28 16:57:00 [scrapy.core.engine] DEBUG: Crawled (200) <GET http://datachart.500.com/dlt/?expect=all&from=19111&to=19121> (referer: http://datachart.500.com/dlt/?expect=all&from=19100&to=19110)
2019-12-28 16:57:00 [scrapy.core.engine] DEBUG: Crawled (200) <GET http://datachart.500.com/dlt/?expect=all&from=19122&to=19132> (referer: http://datachart.500.com/dlt/?expect=all&from=19111&to=19121)
2019-12-28 16:57:01 [scrapy.core.engine] DEBUG: Crawled (200) <GET http://datachart.500.com/dlt/?expect=all&from=19133&to=19143> (referer: http://datachart.500.com/dlt/?expect=all&from=19122&to=19132)
2019-12-28 16:57:01 [scrapy.core.engine] DEBUG: Crawled (200) <GET http://datachart.500.com/dlt/?expect=all&from=19144&to=19154> (referer: http://datachart.500.com/dlt/?expect=all&from=19133&to=19143)
2019-12-28 16:57:01 [scrapy.core.engine] INFO: Closing spider (finished)
2019-12-28 16:57:01 [scrapy.statscollectors] INFO: Dumping Scrapy stats:
{'downloader/request_bytes': 1539,
 'downloader/request_count': 5,
 'downloader/request_method_count/GET': 5,
 'downloader/response_bytes': 121195,
 'downloader/response_count': 5,
 'downloader/response_status_count/200': 5,
 'elapsed_time_seconds': 1.592736,
 'finish_reason': 'finished',
 'finish_time': datetime.datetime(2019, 12, 28, 8, 57, 1, 566369),
 'log_count/DEBUG': 5,
 'log_count/INFO': 10,
 'request_depth_max': 4,
 'response_received_count': 5,
 'scheduler/dequeued': 5,
 'scheduler/dequeued/memory': 5,
 'scheduler/enqueued': 5,
 'scheduler/enqueued/memory': 5,
 'start_time': datetime.datetime(2019, 12, 28, 8, 56, 59, 973633)}
2019-12-28 16:57:01 [scrapy.core.engine] INFO: Spider closed (finished)
2019-12-28 16:58:38 [scrapy.utils.log] INFO: Scrapy 1.8.0 started (bot: myscrapy)
2019-12-28 16:58:38 [scrapy.utils.log] INFO: Versions: lxml 4.4.2.0, libxml2 2.9.5, cssselect 1.1.0, parsel 1.5.2, w3lib 1.21.0, Twisted 19.10.0, Python 3.7.4 (tags/v3.7.4:e09359112e, Jul  8 2019, 20:34:20) [MSC v.1916 64 bit (AMD64)], pyOpenSSL 19.1.0 (OpenSSL 1.1.1d  10 Sep 2019), cryptography 2.8, Platform Windows-10-10.0.18362-SP0
2019-12-28 16:58:38 [scrapy.crawler] INFO: Overridden settings: {'BOT_NAME': 'myscrapy', 'LOG_FILE': './log.log', 'NEWSPIDER_MODULE': 'myscrapy.spiders', 'SPIDER_MODULES': ['myscrapy.spiders']}
2019-12-28 16:58:38 [scrapy.extensions.telnet] INFO: Telnet Password: 1d77c8e3c52a6d7c
2019-12-28 16:58:38 [scrapy.middleware] INFO: Enabled extensions:
['scrapy.extensions.corestats.CoreStats',
 'scrapy.extensions.telnet.TelnetConsole',
 'scrapy.extensions.logstats.LogStats']
2019-12-28 16:58:38 [scrapy.middleware] INFO: Enabled downloader middlewares:
['scrapy.downloadermiddlewares.httpauth.HttpAuthMiddleware',
 'scrapy.downloadermiddlewares.downloadtimeout.DownloadTimeoutMiddleware',
 'scrapy.downloadermiddlewares.defaultheaders.DefaultHeadersMiddleware',
 'scrapy.downloadermiddlewares.useragent.UserAgentMiddleware',
 'scrapy.downloadermiddlewares.retry.RetryMiddleware',
 'scrapy.downloadermiddlewares.redirect.MetaRefreshMiddleware',
 'scrapy.downloadermiddlewares.httpcompression.HttpCompressionMiddleware',
 'scrapy.downloadermiddlewares.redirect.RedirectMiddleware',
 'scrapy.downloadermiddlewares.cookies.CookiesMiddleware',
 'scrapy.downloadermiddlewares.httpproxy.HttpProxyMiddleware',
 'scrapy.downloadermiddlewares.stats.DownloaderStats']
2019-12-28 16:58:38 [scrapy.middleware] INFO: Enabled spider middlewares:
['scrapy.spidermiddlewares.httperror.HttpErrorMiddleware',
 'scrapy.spidermiddlewares.offsite.OffsiteMiddleware',
 'scrapy.spidermiddlewares.referer.RefererMiddleware',
 'scrapy.spidermiddlewares.urllength.UrlLengthMiddleware',
 'scrapy.spidermiddlewares.depth.DepthMiddleware']
2019-12-28 16:58:38 [scrapy.middleware] INFO: Enabled item pipelines:
[]
2019-12-28 16:58:38 [scrapy.core.engine] INFO: Spider opened
2019-12-28 16:58:38 [scrapy.extensions.logstats] INFO: Crawled 0 pages (at 0 pages/min), scraped 0 items (at 0 items/min)
2019-12-28 16:58:38 [scrapy.extensions.telnet] INFO: Telnet console listening on 127.0.0.1:6023
2019-12-28 16:58:38 [scrapy.core.engine] DEBUG: Crawled (200) <GET http://datachart.500.com/dlt/?expect=all&from=19090&to=19100> (referer: None)
2019-12-28 16:58:39 [scrapy.core.engine] DEBUG: Crawled (200) <GET http://datachart.500.com/dlt/?expect=all&from=19101&to=19111> (referer: http://datachart.500.com/dlt/?expect=all&from=19090&to=19100)
2019-12-28 16:58:39 [scrapy.core.engine] DEBUG: Crawled (200) <GET http://datachart.500.com/dlt/?expect=all&from=19112&to=19122> (referer: http://datachart.500.com/dlt/?expect=all&from=19101&to=19111)
2019-12-28 16:58:39 [scrapy.core.engine] DEBUG: Crawled (200) <GET http://datachart.500.com/dlt/?expect=all&from=19123&to=19133> (referer: http://datachart.500.com/dlt/?expect=all&from=19112&to=19122)
2019-12-28 16:58:39 [scrapy.core.engine] DEBUG: Crawled (200) <GET http://datachart.500.com/dlt/?expect=all&from=19134&to=19144> (referer: http://datachart.500.com/dlt/?expect=all&from=19123&to=19133)
2019-12-28 16:58:40 [scrapy.core.engine] DEBUG: Crawled (200) <GET http://datachart.500.com/dlt/?expect=all&from=19145&to=19155> (referer: http://datachart.500.com/dlt/?expect=all&from=19134&to=19144)
2019-12-28 16:58:40 [scrapy.core.engine] INFO: Closing spider (finished)
2019-12-28 16:58:40 [scrapy.statscollectors] INFO: Dumping Scrapy stats:
{'downloader/request_bytes': 1861,
 'downloader/request_count': 6,
 'downloader/request_method_count/GET': 6,
 'downloader/response_bytes': 145434,
 'downloader/response_count': 6,
 'downloader/response_status_count/200': 6,
 'elapsed_time_seconds': 1.708588,
 'finish_reason': 'finished',
 'finish_time': datetime.datetime(2019, 12, 28, 8, 58, 40, 350752),
 'log_count/DEBUG': 6,
 'log_count/INFO': 10,
 'request_depth_max': 5,
 'response_received_count': 6,
 'scheduler/dequeued': 6,
 'scheduler/dequeued/memory': 6,
 'scheduler/enqueued': 6,
 'scheduler/enqueued/memory': 6,
 'start_time': datetime.datetime(2019, 12, 28, 8, 58, 38, 642164)}
2019-12-28 16:58:40 [scrapy.core.engine] INFO: Spider closed (finished)
2019-12-28 17:06:14 [scrapy.utils.log] INFO: Scrapy 1.8.0 started (bot: myscrapy)
2019-12-28 17:06:14 [scrapy.utils.log] INFO: Versions: lxml 4.4.2.0, libxml2 2.9.5, cssselect 1.1.0, parsel 1.5.2, w3lib 1.21.0, Twisted 19.10.0, Python 3.7.4 (tags/v3.7.4:e09359112e, Jul  8 2019, 20:34:20) [MSC v.1916 64 bit (AMD64)], pyOpenSSL 19.1.0 (OpenSSL 1.1.1d  10 Sep 2019), cryptography 2.8, Platform Windows-10-10.0.18362-SP0
2019-12-28 17:06:14 [scrapy.crawler] INFO: Overridden settings: {'BOT_NAME': 'myscrapy', 'LOG_FILE': './log.log', 'NEWSPIDER_MODULE': 'myscrapy.spiders', 'SPIDER_MODULES': ['myscrapy.spiders']}
2019-12-28 17:06:14 [scrapy.extensions.telnet] INFO: Telnet Password: 0092ecbec613b521
2019-12-28 17:06:14 [scrapy.middleware] INFO: Enabled extensions:
['scrapy.extensions.corestats.CoreStats',
 'scrapy.extensions.telnet.TelnetConsole',
 'scrapy.extensions.logstats.LogStats']
2019-12-28 17:06:14 [scrapy.middleware] INFO: Enabled downloader middlewares:
['scrapy.downloadermiddlewares.httpauth.HttpAuthMiddleware',
 'scrapy.downloadermiddlewares.downloadtimeout.DownloadTimeoutMiddleware',
 'scrapy.downloadermiddlewares.defaultheaders.DefaultHeadersMiddleware',
 'scrapy.downloadermiddlewares.useragent.UserAgentMiddleware',
 'scrapy.downloadermiddlewares.retry.RetryMiddleware',
 'scrapy.downloadermiddlewares.redirect.MetaRefreshMiddleware',
 'scrapy.downloadermiddlewares.httpcompression.HttpCompressionMiddleware',
 'scrapy.downloadermiddlewares.redirect.RedirectMiddleware',
 'scrapy.downloadermiddlewares.cookies.CookiesMiddleware',
 'scrapy.downloadermiddlewares.httpproxy.HttpProxyMiddleware',
 'scrapy.downloadermiddlewares.stats.DownloaderStats']
2019-12-28 17:06:14 [scrapy.middleware] INFO: Enabled spider middlewares:
['scrapy.spidermiddlewares.httperror.HttpErrorMiddleware',
 'scrapy.spidermiddlewares.offsite.OffsiteMiddleware',
 'scrapy.spidermiddlewares.referer.RefererMiddleware',
 'scrapy.spidermiddlewares.urllength.UrlLengthMiddleware',
 'scrapy.spidermiddlewares.depth.DepthMiddleware']
2019-12-28 17:06:14 [scrapy.middleware] INFO: Enabled item pipelines:
[]
2019-12-28 17:06:14 [scrapy.core.engine] INFO: Spider opened
2019-12-28 17:06:14 [scrapy.extensions.logstats] INFO: Crawled 0 pages (at 0 pages/min), scraped 0 items (at 0 items/min)
2019-12-28 17:06:14 [scrapy.extensions.telnet] INFO: Telnet console listening on 127.0.0.1:6023
2019-12-28 17:06:15 [scrapy.core.engine] DEBUG: Crawled (200) <GET http://datachart.500.com/dlt/zoushi/newinc/jbzs_foreback.php?expect=all&from=19090&to=19100> (referer: None)
2019-12-28 17:06:15 [scrapy.core.engine] DEBUG: Crawled (200) <GET http://datachart.500.com/dlt/zoushi/newinc/jbzs_foreback.php?expect=all&from=19101&to=19111> (referer: http://datachart.500.com/dlt/zoushi/newinc/jbzs_foreback.php?expect=all&from=19090&to=19100)
2019-12-28 17:06:15 [scrapy.core.engine] DEBUG: Crawled (200) <GET http://datachart.500.com/dlt/zoushi/newinc/jbzs_foreback.php?expect=all&from=19112&to=19122> (referer: http://datachart.500.com/dlt/zoushi/newinc/jbzs_foreback.php?expect=all&from=19101&to=19111)
2019-12-28 17:06:16 [scrapy.core.engine] DEBUG: Crawled (200) <GET http://datachart.500.com/dlt/zoushi/newinc/jbzs_foreback.php?expect=all&from=19123&to=19133> (referer: http://datachart.500.com/dlt/zoushi/newinc/jbzs_foreback.php?expect=all&from=19112&to=19122)
2019-12-28 17:06:16 [scrapy.core.engine] DEBUG: Crawled (200) <GET http://datachart.500.com/dlt/zoushi/newinc/jbzs_foreback.php?expect=all&from=19134&to=19144> (referer: http://datachart.500.com/dlt/zoushi/newinc/jbzs_foreback.php?expect=all&from=19123&to=19133)
2019-12-28 17:06:16 [scrapy.core.engine] DEBUG: Crawled (200) <GET http://datachart.500.com/dlt/zoushi/newinc/jbzs_foreback.php?expect=all&from=19145&to=19155> (referer: http://datachart.500.com/dlt/zoushi/newinc/jbzs_foreback.php?expect=all&from=19134&to=19144)
2019-12-28 17:06:16 [scrapy.core.engine] INFO: Closing spider (finished)
2019-12-28 17:06:16 [scrapy.statscollectors] INFO: Dumping Scrapy stats:
{'downloader/request_bytes': 2386,
 'downloader/request_count': 6,
 'downloader/request_method_count/GET': 6,
 'downloader/response_bytes': 50984,
 'downloader/response_count': 6,
 'downloader/response_status_count/200': 6,
 'elapsed_time_seconds': 1.962155,
 'finish_reason': 'finished',
 'finish_time': datetime.datetime(2019, 12, 28, 9, 6, 16, 937221),
 'log_count/DEBUG': 6,
 'log_count/INFO': 10,
 'request_depth_max': 5,
 'response_received_count': 6,
 'scheduler/dequeued': 6,
 'scheduler/dequeued/memory': 6,
 'scheduler/enqueued': 6,
 'scheduler/enqueued/memory': 6,
 'start_time': datetime.datetime(2019, 12, 28, 9, 6, 14, 975066)}
2019-12-28 17:06:16 [scrapy.core.engine] INFO: Spider closed (finished)
